#
# A fatal error has been detected by the Java Runtime Environment:
#
#  EXCEPTION_ACCESS_VIOLATION (0xc0000005) at pc=0x00007ff8ded418fe, pid=8328, tid=19060
#
# JRE version: OpenJDK Runtime Environment Corretto-18.0.2.9.1 (18.0.2+9) (build 18.0.2+9-FR)
# Java VM: OpenJDK 64-Bit Server VM Corretto-18.0.2.9.1 (18.0.2+9-FR, mixed mode, sharing, tiered, compressed oops, compressed class ptrs, g1 gc, windows-amd64)
# Problematic frame:
# C  [d3d9.dll+0x118fe]
#
# No core dump will be written. Minidumps are not enabled by default on client versions of Windows
#
# If you would like to submit a bug report, please visit:
#   https://github.com/corretto/corretto-18/issues/
# The crash happened outside the Java Virtual Machine in native code.
# See problematic frame for where to report the bug.
#

---------------  S U M M A R Y ------------

Command Line: -Dfile.encoding=windows-1252 -Duser.country=US -Duser.language=en -Duser.variant org.game.Game

Host: AMD Ryzen 5 5600X 6-Core Processor             , 12 cores, 31G,  Windows 10 , 64 bit Build 19041 (10.0.19041.3570)
Time: Tue Nov 14 13:47:46 2023 Eastern Standard Time elapsed time: 13.734939 seconds (0d 0h 0m 13s)

---------------  T H R E A D  ---------------

Current thread (0x000001ddd7408e40):  JavaThread "AWT-Windows" daemon [_thread_in_native, id=19060, stack(0x0000005c99d00000,0x0000005c99e00000)]

Stack: [0x0000005c99d00000,0x0000005c99e00000],  sp=0x0000005c99dfeb70,  free space=1018k
Native frames: (J=compiled Java code, j=interpreted, Vv=VM code, C=native code)
C  [d3d9.dll+0x118fe]

Java frames: (J=compiled Java code, j=interpreted, Vv=VM code)
j  sun.awt.windows.WToolkit.eventLoop()V+0 java.desktop@18.0.2
j  sun.awt.windows.WToolkit.run()V+50 java.desktop@18.0.2
j  java.lang.Thread.run()V+11 java.base@18.0.2
v  ~StubRoutines::call_stub

siginfo: EXCEPTION_ACCESS_VIOLATION (0xc0000005), reading address 0x000001ddd7fd4508


Register to memory mapping:

RIP=0x00007ff8ded418fe d3d9.dll
RAX=0x0 is NULL
RBX=0x000001ddd7fd44c0 is an unknown value
RCX=0x000001ddd7fd44c0 is an unknown value
RDX=0x000001ddde669d80 points into unknown readable memory: 0x00007ff8dee80850 | 50 08 e8 de f8 7f 00 00
RSP=0x0000005c99dfeb70 is pointing into the stack for thread: 0x000001ddd7408e40
RBP=0x00007ff87e0007e0 awt.dll
RSI=0x000001ddd7fd44c0 is an unknown value
RDI=0x0 is NULL
R8 =0x000001ddd7ce00c0 points into unknown readable memory: 0x000001ddd7d5b740 | 40 b7 d5 d7 dd 01 00 00
R9 =0x0000000000000001 is an unknown value
R10=0x0000000000008000 is an unknown value
R11=0x0000005c99dfec90 is pointing into the stack for thread: 0x000001ddd7408e40
R12=0x0 is NULL
R13={method} {0x000001ddd308dae8} 'eventLoop' '()V' in 'sun/awt/windows/WToolkit'
R14=0x0000005c99dfefd8 is pointing into the stack for thread: 0x000001ddd7408e40
R15=0x000001ddd7408e40 is a thread


Registers:
RAX=0x0000000000000000, RBX=0x000001ddd7fd44c0, RCX=0x000001ddd7fd44c0, RDX=0x000001ddde669d80
RSP=0x0000005c99dfeb70, RBP=0x00007ff87e0007e0, RSI=0x000001ddd7fd44c0, RDI=0x0000000000000000
R8 =0x000001ddd7ce00c0, R9 =0x0000000000000001, R10=0x0000000000008000, R11=0x0000005c99dfec90
R12=0x0000000000000000, R13=0x000001ddd308dae0, R14=0x0000005c99dfefd8, R15=0x000001ddd7408e40
RIP=0x00007ff8ded418fe, EFLAGS=0x0000000000010202

Top of Stack: (sp=0x0000005c99dfeb70)
0x0000005c99dfeb70:   0000000000000000 000001dd34010035
0x0000005c99dfeb80:   00007ff87e0007e0 0000000000000000
0x0000005c99dfeb90:   000001ddd8130010 00007ff800000022
0x0000005c99dfeba0:   fffffffffffffffe 000001ddd823d880
0x0000005c99dfebb0:   000001ddd7f05248 00007ff8ded417f2
0x0000005c99dfebc0:   0000000000000000 00007ff92477358a
0x0000005c99dfebd0:   000001ddd7408e40 000001ddde520500
0x0000005c99dfebe0:   0000000000000000 00007ff8ded4d53c
0x0000005c99dfebf0:   000001ddd7f05248 0000000000000001
0x0000005c99dfec00:   000001dda3f90000 000001dda3f90000
0x0000005c99dfec10:   000001ddde4ca6f8 00007ff8ded3a687
0x0000005c99dfec20:   000001ddde4b4420 000001dda3f90000
0x0000005c99dfec30:   000001ddd82556e0 0000000000000009
0x0000005c99dfec40:   0000000000000000 000001ddde46ff30
0x0000005c99dfec50:   0000000000000040 fffffffffffffffe
0x0000005c99dfec60:   000001ddde4c6600 0000000000000001 

Instructions: (pc=0x00007ff8ded418fe)
0x00007ff8ded417fe:   cb 48 8b 5c 24 30 48 8b 74 24 38 48 83 c4 20 5f
0x00007ff8ded4180e:   e9 0d 00 00 00 cc cc cc cc cc cc cc cc cc cc cc
0x00007ff8ded4181e:   cc cc 40 53 48 83 ec 20 83 79 50 03 48 8b d9 74
0x00007ff8ded4182e:   2a 48 83 79 20 00 74 0d 48 8d 51 f8 48 8b 49 10
0x00007ff8ded4183e:   e8 25 00 00 00 48 8b 4b 10 48 8b 43 40 48 39 81
0x00007ff8ded4184e:   e0 40 00 00 77 05 e8 5b 00 00 00 48 83 c4 20 5b
0x00007ff8ded4185e:   c3 cc cc cc cc cc cc cc cc cc 48 8b c4 41 56 48
0x00007ff8ded4186e:   83 ec 40 48 c7 40 f0 fe ff ff ff 48 89 58 08 48
0x00007ff8ded4187e:   89 70 10 48 89 78 18 48 8b f9 83 79 48 06 0f 8c
0x00007ff8ded4188e:   ce 40 04 00 48 8b 5c 24 50 48 8b 74 24 58 48 8b
0x00007ff8ded4189e:   7c 24 60 48 83 c4 40 41 5e c3 cc eb e7 cc cc cc
0x00007ff8ded418ae:   cc cc cc cc cc cc 48 83 ec 48 48 c7 44 24 30 fe
0x00007ff8ded418be:   ff ff ff 48 8b 89 e8 40 00 00 48 8b 01 45 33 c9
0x00007ff8ded418ce:   45 33 c0 33 d2 48 8b 40 68 ff 15 4b 65 14 00 90
0x00007ff8ded418de:   48 83 c4 48 c3 cc eb f8 cc cc cc cc cc cc 40 53
0x00007ff8ded418ee:   48 83 ec 40 48 c7 44 24 30 fe ff ff ff 48 8b d9
0x00007ff8ded418fe:   83 79 48 08 0f 8c e4 40 04 00 48 83 c4 40 5b c3
0x00007ff8ded4190e:   cc eb f7 cc cc cc cc cc cc cc 4c 8b dc 49 89 5b
0x00007ff8ded4191e:   10 49 89 6b 18 49 89 73 20 57 41 54 41 55 41 56
0x00007ff8ded4192e:   41 57 48 81 ec 50 09 00 00 48 8b 05 4a 1b 1a 00
0x00007ff8ded4193e:   48 33 c4 48 89 84 24 40 09 00 00 48 8b bc 24 c8
0x00007ff8ded4194e:   09 00 00 4c 8b e1 4c 8b b4 24 d8 09 00 00 33 c9
0x00007ff8ded4195e:   48 8b ac 24 e0 09 00 00 33 db 4c 8b bc 24 f0 09
0x00007ff8ded4196e:   00 00 48 83 27 00 4c 8b ac 24 20 0a 00 00 49 83
0x00007ff8ded4197e:   a3 30 fb ff ff 00 44 89 4c 24 20 44 89 44 24 24
0x00007ff8ded4198e:   48 89 54 24 28 e8 24 ee ff ff 8b b4 24 d0 09 00
0x00007ff8ded4199e:   00 85 c0 0f 84 b7 40 04 00 33 c9 e8 0e ee ff ff
0x00007ff8ded419ae:   85 c0 0f 84 d8 40 04 00 ba d0 19 00 00 b9 40 00
0x00007ff8ded419be:   00 00 48 ff 15 89 59 14 00 0f 1f 44 00 00 48 8b
0x00007ff8ded419ce:   d8 48 85 c0 0f 84 16 02 00 00 33 d2 41 b8 d0 19
0x00007ff8ded419de:   00 00 48 8b c8 e8 62 7e 03 00 48 8b 8c 24 a8 04
0x00007ff8ded419ee:   00 00 4c 8b 44 24 28 48 89 0b 48 8d 4b 18 48 89 


Stack slot to memory mapping:
stack at sp + 0 slots: 0x0 is NULL
stack at sp + 1 slots: 0x000001dd34010035 is an unknown value
stack at sp + 2 slots: 0x00007ff87e0007e0 awt.dll
stack at sp + 3 slots: 0x0 is NULL
stack at sp + 4 slots: 0x000001ddd8130010 points into unknown readable memory: 0x000001dda40915c0 | c0 15 09 a4 dd 01 00 00
stack at sp + 5 slots: 0x00007ff800000022 is an unknown value
stack at sp + 6 slots: 0xfffffffffffffffe is an unknown value
stack at sp + 7 slots: 0x000001ddd823d880 points into unknown readable memory: 0x000001ddd8130010 | 10 00 13 d8 dd 01 00 00


---------------  P R O C E S S  ---------------

Threads class SMR info:
_java_thread_list=0x000001dddef44760, length=18, elements={
0x000001ddd0426be0, 0x000001ddd042b850, 0x000001ddd043d280, 0x000001ddd043dc20,
0x000001ddd043e5c0, 0x000001ddd04410b0, 0x000001ddd0445500, 0x000001ddd044f300,
0x000001ddd045f100, 0x000001ddd71fe470, 0x000001ddd7200fc0, 0x000001ddd73f0ae0,
0x000001ddd740a720, 0x000001ddd7408e40, 0x000001dddebdb2c0, 0x000001dddebf4b40,
0x000001dda61eb840, 0x000001ddded41080
}

Java Threads: ( => current thread )
  0x000001ddd0426be0 JavaThread "Reference Handler" daemon [_thread_blocked, id=18808, stack(0x0000005c98f00000,0x0000005c99000000)]
  0x000001ddd042b850 JavaThread "Finalizer" daemon [_thread_blocked, id=17072, stack(0x0000005c99000000,0x0000005c99100000)]
  0x000001ddd043d280 JavaThread "Signal Dispatcher" daemon [_thread_blocked, id=2728, stack(0x0000005c99100000,0x0000005c99200000)]
  0x000001ddd043dc20 JavaThread "Attach Listener" daemon [_thread_blocked, id=2796, stack(0x0000005c99200000,0x0000005c99300000)]
  0x000001ddd043e5c0 JavaThread "Service Thread" daemon [_thread_blocked, id=4344, stack(0x0000005c99300000,0x0000005c99400000)]
  0x000001ddd04410b0 JavaThread "Monitor Deflation Thread" daemon [_thread_blocked, id=7172, stack(0x0000005c99400000,0x0000005c99500000)]
  0x000001ddd0445500 JavaThread "C2 CompilerThread0" daemon [_thread_blocked, id=12880, stack(0x0000005c99500000,0x0000005c99600000)]
  0x000001ddd044f300 JavaThread "C1 CompilerThread0" daemon [_thread_blocked, id=9292, stack(0x0000005c99600000,0x0000005c99700000)]
  0x000001ddd045f100 JavaThread "Sweeper thread" daemon [_thread_blocked, id=7344, stack(0x0000005c99700000,0x0000005c99800000)]
  0x000001ddd71fe470 JavaThread "Notification Thread" daemon [_thread_blocked, id=9924, stack(0x0000005c99800000,0x0000005c99900000)]
  0x000001ddd7200fc0 JavaThread "Common-Cleaner" daemon [_thread_blocked, id=4816, stack(0x0000005c99a00000,0x0000005c99b00000)]
  0x000001ddd73f0ae0 JavaThread "Java2D Disposer" daemon [_thread_blocked, id=5780, stack(0x0000005c99b00000,0x0000005c99c00000)]
  0x000001ddd740a720 JavaThread "AWT-Shutdown" [_thread_blocked, id=9816, stack(0x0000005c99c00000,0x0000005c99d00000)]
=>0x000001ddd7408e40 JavaThread "AWT-Windows" daemon [_thread_in_native, id=19060, stack(0x0000005c99d00000,0x0000005c99e00000)]
  0x000001dddebdb2c0 JavaThread "AWT-EventQueue-0" [_thread_blocked, id=1900, stack(0x0000005c9a310000,0x0000005c9a410000)]
  0x000001dddebf4b40 JavaThread "Rendering Thread" [_thread_in_native, id=1372, stack(0x0000005c9a510000,0x0000005c9a610000)]
  0x000001dda61eb840 JavaThread "DestroyJavaVM" [_thread_blocked, id=3480, stack(0x0000005c98800000,0x0000005c98900000)]
  0x000001ddded41080 JavaThread "ToolkitShutdown" daemon [_thread_in_native, id=9596, stack(0x0000005c9b0c0000,0x0000005c9b1c0000)]

Other Threads:
  0x000001ddd029db20 VMThread "VM Thread" [stack: 0x0000005c98e00000,0x0000005c98f00000] [id=7792]
  0x000001ddd7200940 WatcherThread "VM Periodic Task Thread" [stack: 0x0000005c99900000,0x0000005c99a00000] [id=6156]
  0x000001dda629e3a0 WorkerThread "GC Thread#0" [stack: 0x0000005c98900000,0x0000005c98a00000] [id=2668]
  0x000001dddf074ae0 WorkerThread "GC Thread#1" [stack: 0x0000005c9a6e0000,0x0000005c9a7e0000] [id=17176]
  0x000001ddded632a0 WorkerThread "GC Thread#2" [stack: 0x0000005c9a7e0000,0x0000005c9a8e0000] [id=17688]
  0x000001ddded63540 WorkerThread "GC Thread#3" [stack: 0x0000005c9a8e0000,0x0000005c9a9e0000] [id=13168]
  0x000001ddded637e0 WorkerThread "GC Thread#4" [stack: 0x0000005c9a9e0000,0x0000005c9aae0000] [id=12452]
  0x000001dddf1ed010 WorkerThread "GC Thread#5" [stack: 0x0000005c9aae0000,0x0000005c9abe0000] [id=3744]
  0x000001dddf1ed2b0 WorkerThread "GC Thread#6" [stack: 0x0000005c9abe0000,0x0000005c9ace0000] [id=10476]
  0x000001dddf1ed550 WorkerThread "GC Thread#7" [stack: 0x0000005c9ace0000,0x0000005c9ade0000] [id=19220]
  0x000001dddef49ab0 WorkerThread "GC Thread#8" [stack: 0x0000005c9ade0000,0x0000005c9aee0000] [id=5080]
  0x000001dddef49810 WorkerThread "GC Thread#9" [stack: 0x0000005c9aee0000,0x0000005c9afe0000] [id=10068]
  0x000001ddd0284070 ConcurrentGCThread "G1 Main Marker" [stack: 0x0000005c98a00000,0x0000005c98b00000] [id=18612]
  0x000001dda62ab4c0 WorkerThread "G1 Conc#0" [stack: 0x0000005c98b00000,0x0000005c98c00000] [id=13264]
  0x000001ddd02da9b0 ConcurrentGCThread "G1 Refine#0" [stack: 0x0000005c98c00000,0x0000005c98d00000] [id=3304]
  0x000001ddd02db2c0 ConcurrentGCThread "G1 Service" [stack: 0x0000005c98d00000,0x0000005c98e00000] [id=14676]

Threads with active compile tasks:

VM state: not at safepoint (normal execution)

VM Mutex/Monitor currently owned by a thread: None

Heap address: 0x0000000601000000, size: 8176 MB, Compressed Oops mode: Zero based, Oop shift amount: 3

CDS archive(s) mapped at: [0x0000000800000000-0x0000000800ba0000-0x0000000800ba0000), size 12189696, SharedBaseAddress: 0x0000000800000000, ArchiveRelocationMode: 0.
Compressed class space mapped at: 0x0000000800c00000-0x0000000840c00000, reserved size: 1073741824
Narrow klass base: 0x0000000800000000, Narrow klass shift: 0, Narrow klass range: 0x100000000

GC Precious Log:
 CardTable entry size: 512
 Card Set container configuration: InlinePtr #cards 4 size 8 Array Of Cards #cards 32 size 80 Howl #buckets 8 coarsen threshold 7372 Howl Bitmap #cards 1024 size 144 coarsen threshold 921 Card regions per heap region 1 cards per card region 8192
 CPUs: 12 total, 12 available
 Memory: 32691M
 Large Page Support: Disabled
 NUMA Support: Disabled
 Compressed Oops: Enabled (Zero based)
 Heap Region Size: 4M
 Heap Min Capacity: 8M
 Heap Initial Capacity: 512M
 Heap Max Capacity: 8176M
 Pre-touch: Disabled
 Parallel Workers: 10
 Concurrent Workers: 3
 Concurrent Refinement Workers: 10
 Periodic GC: Disabled

Heap:
 garbage-first heap   total 524288K, used 13591K [0x0000000601000000, 0x0000000800000000)
  region size 4096K, 5 young (20480K), 1 survivors (4096K)
 Metaspace       used 4988K, committed 5120K, reserved 1114112K
  class space    used 466K, committed 512K, reserved 1048576K

Heap Regions: E=young(eden), S=young(survivor), O=old, HS=humongous(starts), HC=humongous(continues), CS=collection set, F=free, OA=open archive, CA=closed archive, TAMS=top-at-mark-start (previous, next)
|   0|0x0000000601000000, 0x0000000601000000, 0x0000000601400000|  0%| F|  |TAMS 0x0000000601000000, 0x0000000601000000| Untracked 
|   1|0x0000000601400000, 0x0000000601400000, 0x0000000601800000|  0%| F|  |TAMS 0x0000000601400000, 0x0000000601400000| Untracked 
|   2|0x0000000601800000, 0x0000000601800000, 0x0000000601c00000|  0%| F|  |TAMS 0x0000000601800000, 0x0000000601800000| Untracked 
|   3|0x0000000601c00000, 0x0000000601c00000, 0x0000000602000000|  0%| F|  |TAMS 0x0000000601c00000, 0x0000000601c00000| Untracked 
|   4|0x0000000602000000, 0x0000000602000000, 0x0000000602400000|  0%| F|  |TAMS 0x0000000602000000, 0x0000000602000000| Untracked 
|   5|0x0000000602400000, 0x0000000602400000, 0x0000000602800000|  0%| F|  |TAMS 0x0000000602400000, 0x0000000602400000| Untracked 
|   6|0x0000000602800000, 0x0000000602800000, 0x0000000602c00000|  0%| F|  |TAMS 0x0000000602800000, 0x0000000602800000| Untracked 
|   7|0x0000000602c00000, 0x0000000602c00000, 0x0000000603000000|  0%| F|  |TAMS 0x0000000602c00000, 0x0000000602c00000| Untracked 
|   8|0x0000000603000000, 0x0000000603000000, 0x0000000603400000|  0%| F|  |TAMS 0x0000000603000000, 0x0000000603000000| Untracked 
|   9|0x0000000603400000, 0x0000000603400000, 0x0000000603800000|  0%| F|  |TAMS 0x0000000603400000, 0x0000000603400000| Untracked 
|  10|0x0000000603800000, 0x0000000603800000, 0x0000000603c00000|  0%| F|  |TAMS 0x0000000603800000, 0x0000000603800000| Untracked 
|  11|0x0000000603c00000, 0x0000000603c00000, 0x0000000604000000|  0%| F|  |TAMS 0x0000000603c00000, 0x0000000603c00000| Untracked 
|  12|0x0000000604000000, 0x0000000604000000, 0x0000000604400000|  0%| F|  |TAMS 0x0000000604000000, 0x0000000604000000| Untracked 
|  13|0x0000000604400000, 0x0000000604400000, 0x0000000604800000|  0%| F|  |TAMS 0x0000000604400000, 0x0000000604400000| Untracked 
|  14|0x0000000604800000, 0x0000000604800000, 0x0000000604c00000|  0%| F|  |TAMS 0x0000000604800000, 0x0000000604800000| Untracked 
|  15|0x0000000604c00000, 0x0000000604c00000, 0x0000000605000000|  0%| F|  |TAMS 0x0000000604c00000, 0x0000000604c00000| Untracked 
|  16|0x0000000605000000, 0x0000000605000000, 0x0000000605400000|  0%| F|  |TAMS 0x0000000605000000, 0x0000000605000000| Untracked 
|  17|0x0000000605400000, 0x0000000605400000, 0x0000000605800000|  0%| F|  |TAMS 0x0000000605400000, 0x0000000605400000| Untracked 
|  18|0x0000000605800000, 0x0000000605800000, 0x0000000605c00000|  0%| F|  |TAMS 0x0000000605800000, 0x0000000605800000| Untracked 
|  19|0x0000000605c00000, 0x0000000605c00000, 0x0000000606000000|  0%| F|  |TAMS 0x0000000605c00000, 0x0000000605c00000| Untracked 
|  20|0x0000000606000000, 0x0000000606000000, 0x0000000606400000|  0%| F|  |TAMS 0x0000000606000000, 0x0000000606000000| Untracked 
|  21|0x0000000606400000, 0x0000000606400000, 0x0000000606800000|  0%| F|  |TAMS 0x0000000606400000, 0x0000000606400000| Untracked 
|  22|0x0000000606800000, 0x0000000606800000, 0x0000000606c00000|  0%| F|  |TAMS 0x0000000606800000, 0x0000000606800000| Untracked 
|  23|0x0000000606c00000, 0x0000000606c00000, 0x0000000607000000|  0%| F|  |TAMS 0x0000000606c00000, 0x0000000606c00000| Untracked 
|  24|0x0000000607000000, 0x0000000607000000, 0x0000000607400000|  0%| F|  |TAMS 0x0000000607000000, 0x0000000607000000| Untracked 
|  25|0x0000000607400000, 0x0000000607400000, 0x0000000607800000|  0%| F|  |TAMS 0x0000000607400000, 0x0000000607400000| Untracked 
|  26|0x0000000607800000, 0x0000000607800000, 0x0000000607c00000|  0%| F|  |TAMS 0x0000000607800000, 0x0000000607800000| Untracked 
|  27|0x0000000607c00000, 0x0000000607c00000, 0x0000000608000000|  0%| F|  |TAMS 0x0000000607c00000, 0x0000000607c00000| Untracked 
|  28|0x0000000608000000, 0x0000000608000000, 0x0000000608400000|  0%| F|  |TAMS 0x0000000608000000, 0x0000000608000000| Untracked 
|  29|0x0000000608400000, 0x0000000608400000, 0x0000000608800000|  0%| F|  |TAMS 0x0000000608400000, 0x0000000608400000| Untracked 
|  30|0x0000000608800000, 0x0000000608800000, 0x0000000608c00000|  0%| F|  |TAMS 0x0000000608800000, 0x0000000608800000| Untracked 
|  31|0x0000000608c00000, 0x0000000608c00000, 0x0000000609000000|  0%| F|  |TAMS 0x0000000608c00000, 0x0000000608c00000| Untracked 
|  32|0x0000000609000000, 0x0000000609000000, 0x0000000609400000|  0%| F|  |TAMS 0x0000000609000000, 0x0000000609000000| Untracked 
|  33|0x0000000609400000, 0x0000000609400000, 0x0000000609800000|  0%| F|  |TAMS 0x0000000609400000, 0x0000000609400000| Untracked 
|  34|0x0000000609800000, 0x0000000609800000, 0x0000000609c00000|  0%| F|  |TAMS 0x0000000609800000, 0x0000000609800000| Untracked 
|  35|0x0000000609c00000, 0x0000000609c00000, 0x000000060a000000|  0%| F|  |TAMS 0x0000000609c00000, 0x0000000609c00000| Untracked 
|  36|0x000000060a000000, 0x000000060a000000, 0x000000060a400000|  0%| F|  |TAMS 0x000000060a000000, 0x000000060a000000| Untracked 
|  37|0x000000060a400000, 0x000000060a400000, 0x000000060a800000|  0%| F|  |TAMS 0x000000060a400000, 0x000000060a400000| Untracked 
|  38|0x000000060a800000, 0x000000060a800000, 0x000000060ac00000|  0%| F|  |TAMS 0x000000060a800000, 0x000000060a800000| Untracked 
|  39|0x000000060ac00000, 0x000000060ac00000, 0x000000060b000000|  0%| F|  |TAMS 0x000000060ac00000, 0x000000060ac00000| Untracked 
|  40|0x000000060b000000, 0x000000060b000000, 0x000000060b400000|  0%| F|  |TAMS 0x000000060b000000, 0x000000060b000000| Untracked 
|  41|0x000000060b400000, 0x000000060b400000, 0x000000060b800000|  0%| F|  |TAMS 0x000000060b400000, 0x000000060b400000| Untracked 
|  42|0x000000060b800000, 0x000000060b800000, 0x000000060bc00000|  0%| F|  |TAMS 0x000000060b800000, 0x000000060b800000| Untracked 
|  43|0x000000060bc00000, 0x000000060bc00000, 0x000000060c000000|  0%| F|  |TAMS 0x000000060bc00000, 0x000000060bc00000| Untracked 
|  44|0x000000060c000000, 0x000000060c000000, 0x000000060c400000|  0%| F|  |TAMS 0x000000060c000000, 0x000000060c000000| Untracked 
|  45|0x000000060c400000, 0x000000060c400000, 0x000000060c800000|  0%| F|  |TAMS 0x000000060c400000, 0x000000060c400000| Untracked 
|  46|0x000000060c800000, 0x000000060c800000, 0x000000060cc00000|  0%| F|  |TAMS 0x000000060c800000, 0x000000060c800000| Untracked 
|  47|0x000000060cc00000, 0x000000060cc00000, 0x000000060d000000|  0%| F|  |TAMS 0x000000060cc00000, 0x000000060cc00000| Untracked 
|  48|0x000000060d000000, 0x000000060d000000, 0x000000060d400000|  0%| F|  |TAMS 0x000000060d000000, 0x000000060d000000| Untracked 
|  49|0x000000060d400000, 0x000000060d400000, 0x000000060d800000|  0%| F|  |TAMS 0x000000060d400000, 0x000000060d400000| Untracked 
|  50|0x000000060d800000, 0x000000060d800000, 0x000000060dc00000|  0%| F|  |TAMS 0x000000060d800000, 0x000000060d800000| Untracked 
|  51|0x000000060dc00000, 0x000000060dc00000, 0x000000060e000000|  0%| F|  |TAMS 0x000000060dc00000, 0x000000060dc00000| Untracked 
|  52|0x000000060e000000, 0x000000060e000000, 0x000000060e400000|  0%| F|  |TAMS 0x000000060e000000, 0x000000060e000000| Untracked 
|  53|0x000000060e400000, 0x000000060e400000, 0x000000060e800000|  0%| F|  |TAMS 0x000000060e400000, 0x000000060e400000| Untracked 
|  54|0x000000060e800000, 0x000000060e800000, 0x000000060ec00000|  0%| F|  |TAMS 0x000000060e800000, 0x000000060e800000| Untracked 
|  55|0x000000060ec00000, 0x000000060ec00000, 0x000000060f000000|  0%| F|  |TAMS 0x000000060ec00000, 0x000000060ec00000| Untracked 
|  56|0x000000060f000000, 0x000000060f000000, 0x000000060f400000|  0%| F|  |TAMS 0x000000060f000000, 0x000000060f000000| Untracked 
|  57|0x000000060f400000, 0x000000060f400000, 0x000000060f800000|  0%| F|  |TAMS 0x000000060f400000, 0x000000060f400000| Untracked 
|  58|0x000000060f800000, 0x000000060f800000, 0x000000060fc00000|  0%| F|  |TAMS 0x000000060f800000, 0x000000060f800000| Untracked 
|  59|0x000000060fc00000, 0x000000060fc00000, 0x0000000610000000|  0%| F|  |TAMS 0x000000060fc00000, 0x000000060fc00000| Untracked 
|  60|0x0000000610000000, 0x0000000610000000, 0x0000000610400000|  0%| F|  |TAMS 0x0000000610000000, 0x0000000610000000| Untracked 
|  61|0x0000000610400000, 0x0000000610400000, 0x0000000610800000|  0%| F|  |TAMS 0x0000000610400000, 0x0000000610400000| Untracked 
|  62|0x0000000610800000, 0x0000000610800000, 0x0000000610c00000|  0%| F|  |TAMS 0x0000000610800000, 0x0000000610800000| Untracked 
|  63|0x0000000610c00000, 0x0000000610c00000, 0x0000000611000000|  0%| F|  |TAMS 0x0000000610c00000, 0x0000000610c00000| Untracked 
|  64|0x0000000611000000, 0x0000000611000000, 0x0000000611400000|  0%| F|  |TAMS 0x0000000611000000, 0x0000000611000000| Untracked 
|  65|0x0000000611400000, 0x0000000611400000, 0x0000000611800000|  0%| F|  |TAMS 0x0000000611400000, 0x0000000611400000| Untracked 
|  66|0x0000000611800000, 0x0000000611800000, 0x0000000611c00000|  0%| F|  |TAMS 0x0000000611800000, 0x0000000611800000| Untracked 
|  67|0x0000000611c00000, 0x0000000611c00000, 0x0000000612000000|  0%| F|  |TAMS 0x0000000611c00000, 0x0000000611c00000| Untracked 
|  68|0x0000000612000000, 0x0000000612000000, 0x0000000612400000|  0%| F|  |TAMS 0x0000000612000000, 0x0000000612000000| Untracked 
|  69|0x0000000612400000, 0x0000000612400000, 0x0000000612800000|  0%| F|  |TAMS 0x0000000612400000, 0x0000000612400000| Untracked 
|  70|0x0000000612800000, 0x0000000612800000, 0x0000000612c00000|  0%| F|  |TAMS 0x0000000612800000, 0x0000000612800000| Untracked 
|  71|0x0000000612c00000, 0x0000000612c00000, 0x0000000613000000|  0%| F|  |TAMS 0x0000000612c00000, 0x0000000612c00000| Untracked 
|  72|0x0000000613000000, 0x0000000613000000, 0x0000000613400000|  0%| F|  |TAMS 0x0000000613000000, 0x0000000613000000| Untracked 
|  73|0x0000000613400000, 0x0000000613400000, 0x0000000613800000|  0%| F|  |TAMS 0x0000000613400000, 0x0000000613400000| Untracked 
|  74|0x0000000613800000, 0x0000000613800000, 0x0000000613c00000|  0%| F|  |TAMS 0x0000000613800000, 0x0000000613800000| Untracked 
|  75|0x0000000613c00000, 0x0000000613c00000, 0x0000000614000000|  0%| F|  |TAMS 0x0000000613c00000, 0x0000000613c00000| Untracked 
|  76|0x0000000614000000, 0x0000000614000000, 0x0000000614400000|  0%| F|  |TAMS 0x0000000614000000, 0x0000000614000000| Untracked 
|  77|0x0000000614400000, 0x0000000614400000, 0x0000000614800000|  0%| F|  |TAMS 0x0000000614400000, 0x0000000614400000| Untracked 
|  78|0x0000000614800000, 0x0000000614800000, 0x0000000614c00000|  0%| F|  |TAMS 0x0000000614800000, 0x0000000614800000| Untracked 
|  79|0x0000000614c00000, 0x0000000614c00000, 0x0000000615000000|  0%| F|  |TAMS 0x0000000614c00000, 0x0000000614c00000| Untracked 
|  80|0x0000000615000000, 0x0000000615000000, 0x0000000615400000|  0%| F|  |TAMS 0x0000000615000000, 0x0000000615000000| Untracked 
|  81|0x0000000615400000, 0x0000000615400000, 0x0000000615800000|  0%| F|  |TAMS 0x0000000615400000, 0x0000000615400000| Untracked 
|  82|0x0000000615800000, 0x0000000615800000, 0x0000000615c00000|  0%| F|  |TAMS 0x0000000615800000, 0x0000000615800000| Untracked 
|  83|0x0000000615c00000, 0x0000000615c00000, 0x0000000616000000|  0%| F|  |TAMS 0x0000000615c00000, 0x0000000615c00000| Untracked 
|  84|0x0000000616000000, 0x0000000616000000, 0x0000000616400000|  0%| F|  |TAMS 0x0000000616000000, 0x0000000616000000| Untracked 
|  85|0x0000000616400000, 0x0000000616400000, 0x0000000616800000|  0%| F|  |TAMS 0x0000000616400000, 0x0000000616400000| Untracked 
|  86|0x0000000616800000, 0x0000000616800000, 0x0000000616c00000|  0%| F|  |TAMS 0x0000000616800000, 0x0000000616800000| Untracked 
|  87|0x0000000616c00000, 0x0000000616c00000, 0x0000000617000000|  0%| F|  |TAMS 0x0000000616c00000, 0x0000000616c00000| Untracked 
|  88|0x0000000617000000, 0x0000000617000000, 0x0000000617400000|  0%| F|  |TAMS 0x0000000617000000, 0x0000000617000000| Untracked 
|  89|0x0000000617400000, 0x0000000617400000, 0x0000000617800000|  0%| F|  |TAMS 0x0000000617400000, 0x0000000617400000| Untracked 
|  90|0x0000000617800000, 0x0000000617800000, 0x0000000617c00000|  0%| F|  |TAMS 0x0000000617800000, 0x0000000617800000| Untracked 
|  91|0x0000000617c00000, 0x0000000617c00000, 0x0000000618000000|  0%| F|  |TAMS 0x0000000617c00000, 0x0000000617c00000| Untracked 
|  92|0x0000000618000000, 0x0000000618000000, 0x0000000618400000|  0%| F|  |TAMS 0x0000000618000000, 0x0000000618000000| Untracked 
|  93|0x0000000618400000, 0x0000000618400000, 0x0000000618800000|  0%| F|  |TAMS 0x0000000618400000, 0x0000000618400000| Untracked 
|  94|0x0000000618800000, 0x0000000618800000, 0x0000000618c00000|  0%| F|  |TAMS 0x0000000618800000, 0x0000000618800000| Untracked 
|  95|0x0000000618c00000, 0x0000000618c00000, 0x0000000619000000|  0%| F|  |TAMS 0x0000000618c00000, 0x0000000618c00000| Untracked 
|  96|0x0000000619000000, 0x0000000619000000, 0x0000000619400000|  0%| F|  |TAMS 0x0000000619000000, 0x0000000619000000| Untracked 
|  97|0x0000000619400000, 0x0000000619400000, 0x0000000619800000|  0%| F|  |TAMS 0x0000000619400000, 0x0000000619400000| Untracked 
|  98|0x0000000619800000, 0x0000000619800000, 0x0000000619c00000|  0%| F|  |TAMS 0x0000000619800000, 0x0000000619800000| Untracked 
|  99|0x0000000619c00000, 0x0000000619c00000, 0x000000061a000000|  0%| F|  |TAMS 0x0000000619c00000, 0x0000000619c00000| Untracked 
| 100|0x000000061a000000, 0x000000061a000000, 0x000000061a400000|  0%| F|  |TAMS 0x000000061a000000, 0x000000061a000000| Untracked 
| 101|0x000000061a400000, 0x000000061a400000, 0x000000061a800000|  0%| F|  |TAMS 0x000000061a400000, 0x000000061a400000| Untracked 
| 102|0x000000061a800000, 0x000000061a800000, 0x000000061ac00000|  0%| F|  |TAMS 0x000000061a800000, 0x000000061a800000| Untracked 
| 103|0x000000061ac00000, 0x000000061ac00000, 0x000000061b000000|  0%| F|  |TAMS 0x000000061ac00000, 0x000000061ac00000| Untracked 
| 104|0x000000061b000000, 0x000000061b000000, 0x000000061b400000|  0%| F|  |TAMS 0x000000061b000000, 0x000000061b000000| Untracked 
| 105|0x000000061b400000, 0x000000061b400000, 0x000000061b800000|  0%| F|  |TAMS 0x000000061b400000, 0x000000061b400000| Untracked 
| 106|0x000000061b800000, 0x000000061b800000, 0x000000061bc00000|  0%| F|  |TAMS 0x000000061b800000, 0x000000061b800000| Untracked 
| 107|0x000000061bc00000, 0x000000061bc00000, 0x000000061c000000|  0%| F|  |TAMS 0x000000061bc00000, 0x000000061bc00000| Untracked 
| 108|0x000000061c000000, 0x000000061c000000, 0x000000061c400000|  0%| F|  |TAMS 0x000000061c000000, 0x000000061c000000| Untracked 
| 109|0x000000061c400000, 0x000000061c400000, 0x000000061c800000|  0%| F|  |TAMS 0x000000061c400000, 0x000000061c400000| Untracked 
| 110|0x000000061c800000, 0x000000061c800000, 0x000000061cc00000|  0%| F|  |TAMS 0x000000061c800000, 0x000000061c800000| Untracked 
| 111|0x000000061cc00000, 0x000000061cc00000, 0x000000061d000000|  0%| F|  |TAMS 0x000000061cc00000, 0x000000061cc00000| Untracked 
| 112|0x000000061d000000, 0x000000061d000000, 0x000000061d400000|  0%| F|  |TAMS 0x000000061d000000, 0x000000061d000000| Untracked 
| 113|0x000000061d400000, 0x000000061d400000, 0x000000061d800000|  0%| F|  |TAMS 0x000000061d400000, 0x000000061d400000| Untracked 
| 114|0x000000061d800000, 0x000000061d800000, 0x000000061dc00000|  0%| F|  |TAMS 0x000000061d800000, 0x000000061d800000| Untracked 
| 115|0x000000061dc00000, 0x000000061dc00000, 0x000000061e000000|  0%| F|  |TAMS 0x000000061dc00000, 0x000000061dc00000| Untracked 
| 116|0x000000061e000000, 0x000000061e000000, 0x000000061e400000|  0%| F|  |TAMS 0x000000061e000000, 0x000000061e000000| Untracked 
| 117|0x000000061e400000, 0x000000061e545e40, 0x000000061e800000| 31%| S|CS|TAMS 0x000000061e400000, 0x000000061e400000| Complete 
| 118|0x000000061e800000, 0x000000061e800000, 0x000000061ec00000|  0%| F|  |TAMS 0x000000061e800000, 0x000000061e800000| Untracked 
| 119|0x000000061ec00000, 0x000000061ec00000, 0x000000061f000000|  0%| F|  |TAMS 0x000000061ec00000, 0x000000061ec00000| Untracked 
| 120|0x000000061f000000, 0x000000061f000000, 0x000000061f400000|  0%| F|  |TAMS 0x000000061f000000, 0x000000061f000000| Untracked 
| 121|0x000000061f400000, 0x000000061f400000, 0x000000061f800000|  0%| F|  |TAMS 0x000000061f400000, 0x000000061f400000| Untracked 
| 122|0x000000061f800000, 0x000000061f800000, 0x000000061fc00000|  0%| F|  |TAMS 0x000000061f800000, 0x000000061f800000| Untracked 
| 123|0x000000061fc00000, 0x000000061fc00000, 0x0000000620000000|  0%| F|  |TAMS 0x000000061fc00000, 0x000000061fc00000| Untracked 
| 124|0x0000000620000000, 0x00000006202b47b8, 0x0000000620400000| 67%| E|  |TAMS 0x0000000620000000, 0x0000000620000000| Complete 
| 125|0x0000000620400000, 0x0000000620800000, 0x0000000620800000|100%| E|CS|TAMS 0x0000000620400000, 0x0000000620400000| Complete 
| 126|0x0000000620800000, 0x0000000620c00000, 0x0000000620c00000|100%| E|CS|TAMS 0x0000000620800000, 0x0000000620800000| Complete 
| 127|0x0000000620c00000, 0x0000000621000000, 0x0000000621000000|100%| E|CS|TAMS 0x0000000620c00000, 0x0000000620c00000| Complete 

Card table byte_map: [0x000001ddbe300000,0x000001ddbf300000] _byte_map_base: 0x000001ddbb2f8000

Marking Bits (Prev, Next): (CMBitMap*) 0x000001dda629e9a0, (CMBitMap*) 0x000001dda629e9e0
 Prev Bits: [0x000001ddc0300000, 0x000001ddc82c0000)
 Next Bits: [0x000001ddc82c0000, 0x000001ddd0280000)

Polling page: 0x000001dda4190000

Metaspace:

Usage:
  Non-class:      4.42 MB used.
      Class:    466.81 KB used.
       Both:      4.87 MB used.

Virtual space:
  Non-class space:       64.00 MB reserved,       4.50 MB (  7%) committed,  1 nodes.
      Class space:        1.00 GB reserved,     512.00 KB ( <1%) committed,  1 nodes.
             Both:        1.06 GB reserved,       5.00 MB ( <1%) committed. 

Chunk freelists:
   Non-Class:  2.90 MB
       Class:  3.52 MB
        Both:  6.42 MB

MaxMetaspaceSize: unlimited
CompressedClassSpaceSize: 1.00 GB
Initial GC threshold: 21.00 MB
Current GC threshold: 21.00 MB
CDS: on
MetaspaceReclaimPolicy: balanced
 - commit_granule_bytes: 65536.
 - commit_granule_words: 8192.
 - virtual_space_node_default_size: 8388608.
 - enlarge_chunks_in_place: 1.
 - new_chunks_are_fully_committed: 0.
 - uncommit_free_chunks: 1.
 - use_allocation_guard: 0.


Internal statistics:

num_allocs_failed_limit: 0.
num_arena_births: 92.
num_arena_deaths: 0.
num_vsnodes_births: 2.
num_vsnodes_deaths: 0.
num_space_committed: 80.
num_space_uncommitted: 0.
num_chunks_returned_to_freelist: 0.
num_chunks_taken_from_freelist: 124.
num_chunk_merges: 0.
num_chunk_splits: 69.
num_chunks_enlarged: 21.
num_inconsistent_stats: 0.

CodeHeap 'non-profiled nmethods': size=120000Kb used=663Kb max_used=663Kb free=119336Kb
 bounds [0x000001ddb5880000, 0x000001ddb5af0000, 0x000001ddbcdb0000]
CodeHeap 'profiled nmethods': size=120000Kb used=1695Kb max_used=1695Kb free=118304Kb
 bounds [0x000001ddae350000, 0x000001ddae5c0000, 0x000001ddb5880000]
CodeHeap 'non-nmethods': size=5760Kb used=1222Kb max_used=1245Kb free=4537Kb
 bounds [0x000001ddaddb0000, 0x000001ddae020000, 0x000001ddae350000]
 total_blobs=1472 nmethods=950 adapters=435
 compilation: enabled
              stopped_count=0, restarted_count=0
 full_count=0

Compilation events (20 events):
Event: 11.694 Thread 0x000001ddd044f300  941       3       sun.awt.WeakIdentityHashMap::getMap (31 bytes)
Event: 11.694 Thread 0x000001ddd044f300 nmethod 941 0x000001ddae4f2b10 code [0x000001ddae4f2ce0, 0x000001ddae4f31d8]
Event: 11.701 Thread 0x000001ddd044f300  942       3       sun.awt.windows.WGlobalCursorManager::nativeUpdateCursor (8 bytes)
Event: 11.702 Thread 0x000001ddd044f300 nmethod 942 0x000001ddae4f3390 code [0x000001ddae4f3560, 0x000001ddae4f3938]
Event: 11.702 Thread 0x000001ddd044f300  943       3       sun.awt.GlobalCursorManager::updateCursorLater (23 bytes)
Event: 11.702 Thread 0x000001ddd044f300 nmethod 943 0x000001ddae4f3a90 code [0x000001ddae4f3c60, 0x000001ddae4f3ec8]
Event: 11.702 Thread 0x000001ddd044f300  944   !   3       sun.awt.GlobalCursorManager$NativeUpdater::postIfNotPending (48 bytes)
Event: 11.702 Thread 0x000001ddd044f300 nmethod 944 0x000001ddae4f4010 code [0x000001ddae4f4200, 0x000001ddae4f4908]
Event: 11.702 Thread 0x000001ddd044f300  945       3       java.awt.Component$1::getCursor (5 bytes)
Event: 11.702 Thread 0x000001ddd044f300 nmethod 945 0x000001ddae4f4b90 code [0x000001ddae4f4d60, 0x000001ddae4f50e8]
Event: 11.717 Thread 0x000001ddd044f300  946   !   3       sun.awt.GlobalCursorManager$NativeUpdater::run (43 bytes)
Event: 11.717 Thread 0x000001ddd044f300 nmethod 946 0x000001ddae4f5290 code [0x000001ddae4f5440, 0x000001ddae4f5708]
Event: 12.726 Thread 0x000001ddd0445500  947       4       jdk.internal.logger.LazyLoggers$LazyLoggerWrapper::platformProxy (10 bytes)
Event: 12.726 Thread 0x000001ddd0445500 nmethod 947 0x000001ddb5925590 code [0x000001ddb5925720, 0x000001ddb59257f8]
Event: 12.734 Thread 0x000001ddd0445500  948       4       jdk.internal.logger.AbstractLoggerWrapper::isLoggable (26 bytes)
Event: 12.734 Thread 0x000001ddd0445500 nmethod 948 0x000001ddb5925910 code [0x000001ddb5925aa0, 0x000001ddb5925bf8]
Event: 13.299 Thread 0x000001ddd044f300  949 %     3       org.graphics.Renderer$2::run @ 18 (114 bytes)
Event: 13.300 Thread 0x000001ddd044f300 nmethod 949% 0x000001ddae4f5810 code [0x000001ddae4f5ac0, 0x000001ddae4f66f8]
Event: 13.463 Thread 0x000001ddd044f300  950       3       org.graphics.Renderer$2::run (114 bytes)
Event: 13.464 Thread 0x000001ddd044f300 nmethod 950 0x000001ddae4f6c10 code [0x000001ddae4f6ea0, 0x000001ddae4f7a18]

GC Heap History (4 events):
Event: 4.100 GC heap before
{Heap before GC invocations=0 (full 0):
 garbage-first heap   total 524288K, used 24576K [0x0000000601000000, 0x0000000800000000)
  region size 4096K, 6 young (24576K), 0 survivors (0K)
 Metaspace       used 4788K, committed 4928K, reserved 1114112K
  class space    used 466K, committed 512K, reserved 1048576K
}
Event: 4.102 GC heap after
{Heap after GC invocations=1 (full 0):
 garbage-first heap   total 524288K, used 1368K [0x0000000601000000, 0x0000000800000000)
  region size 4096K, 1 young (4096K), 1 survivors (4096K)
 Metaspace       used 4788K, committed 4928K, reserved 1114112K
  class space    used 466K, committed 512K, reserved 1048576K
}
Event: 11.686 GC heap before
{Heap before GC invocations=1 (full 0):
 garbage-first heap   total 524288K, used 38232K [0x0000000601000000, 0x0000000800000000)
  region size 4096K, 10 young (40960K), 1 survivors (4096K)
 Metaspace       used 4980K, committed 5120K, reserved 1114112K
  class space    used 466K, committed 512K, reserved 1048576K
}
Event: 11.687 GC heap after
{Heap after GC invocations=2 (full 0):
 garbage-first heap   total 524288K, used 1303K [0x0000000601000000, 0x0000000800000000)
  region size 4096K, 1 young (4096K), 1 survivors (4096K)
 Metaspace       used 4980K, committed 5120K, reserved 1114112K
  class space    used 466K, committed 512K, reserved 1048576K
}

Deoptimization events (20 events):
Event: 13.718 Thread 0x000001dddebf4b40 Uncommon trap: trap_request=0xffffff45 fr.pc=0x000001ddb5918e80 relative=0x0000000000001400
Event: 13.718 Thread 0x000001dddebf4b40 Uncommon trap: reason=unstable_if action=reinterpret pc=0x000001ddb5918e80 method=sun.java2d.d3d.D3DScreenUpdateManager.createGraphics(Lsun/java2d/SurfaceData;Lsun/awt/windows/WComponentPeer;Ljava/awt/Color;Ljava/awt/Color;Ljava/awt/Font;)Ljava/awt/Graphi
Event: 13.718 Thread 0x000001dddebf4b40 DEOPT PACKING pc=0x000001ddb5918e80 sp=0x0000005c9a60f3c0
Event: 13.718 Thread 0x000001dddebf4b40 DEOPT UNPACKING pc=0x000001ddade023a3 sp=0x0000005c9a60f298 mode 2
Event: 13.718 Thread 0x000001dddebf4b40 Uncommon trap: trap_request=0xffffff45 fr.pc=0x000001ddb58dcfc4 relative=0x0000000000000ee4
Event: 13.718 Thread 0x000001dddebf4b40 Uncommon trap: reason=unstable_if action=reinterpret pc=0x000001ddb58dcfc4 method=sun.java2d.d3d.D3DScreenUpdateManager.runUpdateNow()V @ 8 c2
Event: 13.718 Thread 0x000001dddebf4b40 DEOPT PACKING pc=0x000001ddb58dcfc4 sp=0x0000005c9a60f1b0
Event: 13.718 Thread 0x000001dddebf4b40 DEOPT UNPACKING pc=0x000001ddade023a3 sp=0x0000005c9a60f058 mode 2
Event: 13.718 Thread 0x000001dddebf4b40 Uncommon trap: trap_request=0xffffff45 fr.pc=0x000001ddb591bd60 relative=0x0000000000000ca0
Event: 13.718 Thread 0x000001dddebf4b40 Uncommon trap: reason=unstable_if action=reinterpret pc=0x000001ddb591bd60 method=sun.java2d.d3d.D3DScreenUpdateManager.createGraphics(Lsun/java2d/SurfaceData;Lsun/awt/windows/WComponentPeer;Ljava/awt/Color;Ljava/awt/Color;Ljava/awt/Font;)Ljava/awt/Graphi
Event: 13.718 Thread 0x000001dddebf4b40 DEOPT PACKING pc=0x000001ddb591bd60 sp=0x0000005c9a60f340
Event: 13.718 Thread 0x000001dddebf4b40 DEOPT UNPACKING pc=0x000001ddade023a3 sp=0x0000005c9a60f288 mode 2
Event: 13.718 Thread 0x000001dddebf4b40 Uncommon trap: trap_request=0xffffff45 fr.pc=0x000001ddb58dba08 relative=0x00000000000003c8
Event: 13.718 Thread 0x000001dddebf4b40 Uncommon trap: reason=unstable_if action=reinterpret pc=0x000001ddb58dba08 method=sun.java2d.d3d.D3DScreenUpdateManager.runUpdateNow()V @ 8 c2
Event: 13.718 Thread 0x000001dddebf4b40 DEOPT PACKING pc=0x000001ddb58dba08 sp=0x0000005c9a60f0a0
Event: 13.718 Thread 0x000001dddebf4b40 DEOPT UNPACKING pc=0x000001ddade023a3 sp=0x0000005c9a60f048 mode 2
Event: 13.718 Thread 0x000001dddebf4b40 Uncommon trap: trap_request=0xffffff45 fr.pc=0x000001ddb58e0320 relative=0x0000000000000100
Event: 13.718 Thread 0x000001dddebf4b40 Uncommon trap: reason=unstable_if action=reinterpret pc=0x000001ddb58e0320 method=sun.awt.image.VolatileSurfaceManager.validate(Ljava/awt/GraphicsConfiguration;)I @ 90 c2
Event: 13.718 Thread 0x000001dddebf4b40 DEOPT PACKING pc=0x000001ddb58e0320 sp=0x0000005c9a60f420
Event: 13.718 Thread 0x000001dddebf4b40 DEOPT UNPACKING pc=0x000001ddade023a3 sp=0x0000005c9a60f3a8 mode 2

Classes loaded (20 events):
Event: 0.430 Loading class javax/swing/JComponent done
Event: 0.430 Loading class javax/swing/text/JTextComponent done
Event: 0.432 Loading class java/awt/Event
Event: 0.432 Loading class java/awt/Event done
Event: 0.433 Loading class java/awt/event/MouseWheelEvent
Event: 0.433 Loading class java/awt/event/MouseWheelEvent done
Event: 0.438 Loading class java/awt/GraphicsCallback$PaintCallback
Event: 0.438 Loading class java/awt/GraphicsCallback
Event: 0.438 Loading class sun/awt/SunGraphicsCallback
Event: 0.438 Loading class sun/awt/SunGraphicsCallback done
Event: 0.438 Loading class java/awt/GraphicsCallback done
Event: 0.438 Loading class java/awt/GraphicsCallback$PaintCallback done
Event: 1.896 Loading class java/awt/image/BufferedImage
Event: 1.896 Loading class java/awt/image/WritableRenderedImage
Event: 1.896 Loading class java/awt/image/RenderedImage
Event: 1.896 Loading class java/awt/image/RenderedImage done
Event: 1.896 Loading class java/awt/image/WritableRenderedImage done
Event: 1.896 Loading class java/awt/image/BufferedImage done
Event: 1.896 Loading class java/awt/image/BufferedImageOp
Event: 1.896 Loading class java/awt/image/BufferedImageOp done

Classes unloaded (0 events):
No events

Classes redefined (0 events):
No events

Internal exceptions (7 events):
Event: 0.037 Thread 0x000001dda61eb840 Exception <a 'java/lang/ClassNotFoundException'{0x0000000620da1648}: sun/awt/resources/spi/awtProvider> (0x0000000620da1648) 
thrown [s\src\hotspot\share\classfile\systemDictionary.cpp, line 255]
Event: 0.053 Thread 0x000001dda61eb840 Exception <a 'java/io/FileNotFoundException'{0x0000000620e01098}> (0x0000000620e01098) 
thrown [s\src\hotspot\share\prims\jni.cpp, line 516]
Event: 0.057 Thread 0x000001dda61eb840 Exception <a 'java/io/FileNotFoundException'{0x0000000620e2e0c8}> (0x0000000620e2e0c8) 
thrown [s\src\hotspot\share\prims\jni.cpp, line 516]
Event: 0.075 Thread 0x000001dda61eb840 Exception <a 'java/lang/NoSuchMethodError'{0x0000000620e6fae0}: 'java.lang.Object java.lang.invoke.DirectMethodHandle$Holder.invokeStaticInit(java.lang.Object)'> (0x0000000620e6fae0) 
thrown [s\src\hotspot\share\interpreter\linkResolver.cpp, line 759]
Event: 0.370 Thread 0x000001ddd7408e40 Exception <a 'java/lang/NoSuchMethodError'{0x0000000620ef12c8}: 'void java.lang.invoke.DirectMethodHandle$Holder.invokeVirtual(java.lang.Object, java.lang.Object)'> (0x0000000620ef12c8) 
thrown [s\src\hotspot\share\interpreter\linkResolver.cpp, line 759]
Event: 0.378 Thread 0x000001dda61eb840 Exception <a 'java/lang/NoSuchMethodError'{0x0000000620ed3958}: 'void java.lang.invoke.DirectMethodHandle$Holder.invokeStaticInit(java.lang.Object)'> (0x0000000620ed3958) 
thrown [s\src\hotspot\share\interpreter\linkResolver.cpp, line 759]
Event: 5.354 Thread 0x000001dddebdb2c0 Implicit null exception at 0x000001ddb58e82cc to 0x000001ddb58e84c4

VM Operations (20 events):
Event: 4.100 Executing VM operation: G1CollectForAllocation
Event: 4.102 Executing VM operation: G1CollectForAllocation done
Event: 5.112 Executing VM operation: Cleanup
Event: 5.112 Executing VM operation: Cleanup done
Event: 6.124 Executing VM operation: Cleanup
Event: 6.124 Executing VM operation: Cleanup done
Event: 7.127 Executing VM operation: Cleanup
Event: 7.128 Executing VM operation: Cleanup done
Event: 8.140 Executing VM operation: Cleanup
Event: 8.140 Executing VM operation: Cleanup done
Event: 9.154 Executing VM operation: Cleanup
Event: 9.154 Executing VM operation: Cleanup done
Event: 10.155 Executing VM operation: Cleanup
Event: 10.155 Executing VM operation: Cleanup done
Event: 11.686 Executing VM operation: G1CollectForAllocation
Event: 11.687 Executing VM operation: G1CollectForAllocation done
Event: 12.701 Executing VM operation: Cleanup
Event: 12.701 Executing VM operation: Cleanup done
Event: 13.706 Executing VM operation: Cleanup
Event: 13.706 Executing VM operation: Cleanup done

Events (20 events):
Event: 0.020 Thread 0x000001ddd044f300 Thread added: 0x000001ddd044f300
Event: 0.020 Thread 0x000001ddd045f100 Thread added: 0x000001ddd045f100
Event: 0.029 Thread 0x000001ddd71fe470 Thread added: 0x000001ddd71fe470
Event: 0.030 Thread 0x000001ddd7200fc0 Thread added: 0x000001ddd7200fc0
Event: 0.042 Loaded shared library C:\Users\micah\.jdks\corretto-18.0.2\bin\jimage.dll
Event: 0.046 Loaded shared library C:\Users\micah\.jdks\corretto-18.0.2\bin\awt.dll
Event: 0.076 Thread 0x000001ddd73f0ae0 Thread added: 0x000001ddd73f0ae0
Event: 0.076 Thread 0x000001ddd740a720 Thread added: 0x000001ddd740a720
Event: 0.077 Thread 0x000001ddd7408e40 Thread added: 0x000001ddd7408e40
Event: 0.371 Thread 0x000001dddebdb2c0 Thread added: 0x000001dddebdb2c0
Event: 0.382 Loaded shared library C:\Users\micah\.jdks\corretto-18.0.2\bin\freetype.dll
Event: 0.383 Loaded shared library C:\Users\micah\.jdks\corretto-18.0.2\bin\fontmanager.dll
Event: 0.404 Thread 0x000001dddec25c90 Thread added: 0x000001dddec25c90
Event: 0.413 Thread 0x000001dddebf4b40 Thread added: 0x000001dddebf4b40
Event: 0.414 Thread 0x000001dda61eb840 Thread exited: 0x000001dda61eb840
Event: 0.414 Thread 0x000001dda61eb840 Thread added: 0x000001dda61eb840
Event: 13.718 Thread 0x000001ddded41080 Thread added: 0x000001ddded41080
Event: 13.718 Thread 0x000001ddded42160 Thread added: 0x000001ddded42160
Event: 13.718 Thread 0x000001ddded42160 Thread exited: 0x000001ddded42160
Event: 13.718 Thread 0x000001dddec25c90 Thread exited: 0x000001dddec25c90


Dynamic libraries:
0x00007ff71d7c0000 - 0x00007ff71d7cd000 	C:\Users\micah\.jdks\corretto-18.0.2\bin\java.exe
0x00007ff924750000 - 0x00007ff924947000 	C:\WINDOWS\SYSTEM32\ntdll.dll
0x00007ff923f00000 - 0x00007ff923fbd000 	C:\WINDOWS\System32\KERNEL32.DLL
0x00007ff922480000 - 0x00007ff922776000 	C:\WINDOWS\System32\KERNELBASE.dll
0x00007ff922260000 - 0x00007ff922360000 	C:\WINDOWS\System32\ucrtbase.dll
0x00007ff908570000 - 0x00007ff908587000 	C:\Users\micah\.jdks\corretto-18.0.2\bin\jli.dll
0x00007ff922bc0000 - 0x00007ff922d5e000 	C:\WINDOWS\System32\USER32.dll
0x00007ff922780000 - 0x00007ff9227a2000 	C:\WINDOWS\System32\win32u.dll
0x00007ff923ae0000 - 0x00007ff923b0c000 	C:\WINDOWS\System32\GDI32.dll
0x00007ff922360000 - 0x00007ff92247a000 	C:\WINDOWS\System32\gdi32full.dll
0x00007ff921fb0000 - 0x00007ff92204d000 	C:\WINDOWS\System32\msvcp_win.dll
0x00007ff8e3ba0000 - 0x00007ff8e3bb5000 	C:\Users\micah\.jdks\corretto-18.0.2\bin\VCRUNTIME140.dll
0x00007ff909fa0000 - 0x00007ff90a23a000 	C:\WINDOWS\WinSxS\amd64_microsoft.windows.common-controls_6595b64144ccf1df_6.0.19041.3570_none_60bb2a3971f3e41a\COMCTL32.dll
0x00007ff923bf0000 - 0x00007ff923c8e000 	C:\WINDOWS\System32\msvcrt.dll
0x00007ff923ed0000 - 0x00007ff923f00000 	C:\WINDOWS\System32\IMM32.DLL
0x00007ff922dd0000 - 0x00007ff922ef6000 	C:\WINDOWS\System32\RPCRT4.dll
0x00007ff921d10000 - 0x00007ff921d42000 	C:\WINDOWS\SYSTEM32\SspiCli.dll
0x00007ff8def40000 - 0x00007ff8defdb000 	C:\Users\micah\.jdks\corretto-18.0.2\bin\msvcp140.dll
0x00007ff87b920000 - 0x00007ff87c591000 	C:\Users\micah\.jdks\corretto-18.0.2\bin\server\jvm.dll
0x00007ff923cf0000 - 0x00007ff923d9e000 	C:\WINDOWS\System32\ADVAPI32.dll
0x00007ff922b00000 - 0x00007ff922b9c000 	C:\WINDOWS\System32\sechost.dll
0x00007ff9230f0000 - 0x00007ff9230f8000 	C:\WINDOWS\System32\PSAPI.DLL
0x00007ff8fad70000 - 0x00007ff8fad79000 	C:\WINDOWS\SYSTEM32\WSOCK32.dll
0x00007ff922d60000 - 0x00007ff922dcb000 	C:\WINDOWS\System32\WS2_32.dll
0x00007ff914660000 - 0x00007ff914687000 	C:\WINDOWS\SYSTEM32\WINMM.dll
0x00007ff9199d0000 - 0x00007ff9199da000 	C:\WINDOWS\SYSTEM32\VERSION.dll
0x00007ff91fcf0000 - 0x00007ff91fd02000 	C:\WINDOWS\SYSTEM32\kernel.appcore.dll
0x00007ff908560000 - 0x00007ff90856a000 	C:\Users\micah\.jdks\corretto-18.0.2\bin\jimage.dll
0x00007ff913cf0000 - 0x00007ff913ed4000 	C:\WINDOWS\SYSTEM32\DBGHELP.DLL
0x00007ff8fa550000 - 0x00007ff8fa584000 	C:\WINDOWS\SYSTEM32\dbgcore.DLL
0x00007ff921eb0000 - 0x00007ff921f32000 	C:\WINDOWS\System32\bcryptPrimitives.dll
0x00007ff8e38f0000 - 0x00007ff8e3915000 	C:\Users\micah\.jdks\corretto-18.0.2\bin\java.dll
0x00007ff8c1ef0000 - 0x00007ff8c1fc6000 	C:\Users\micah\.jdks\corretto-18.0.2\bin\jsvml.dll
0x00007ff923fc0000 - 0x00007ff924704000 	C:\WINDOWS\System32\SHELL32.dll
0x00007ff91fef0000 - 0x00007ff92068b000 	C:\WINDOWS\SYSTEM32\windows.storage.dll
0x00007ff923310000 - 0x00007ff923664000 	C:\WINDOWS\System32\combase.dll
0x00007ff921870000 - 0x00007ff92189d000 	C:\WINDOWS\SYSTEM32\Wldp.dll
0x00007ff923040000 - 0x00007ff9230ed000 	C:\WINDOWS\System32\SHCORE.dll
0x00007ff923c90000 - 0x00007ff923ce5000 	C:\WINDOWS\System32\shlwapi.dll
0x00007ff921d60000 - 0x00007ff921d85000 	C:\WINDOWS\SYSTEM32\profapi.dll
0x00007ff87deb0000 - 0x00007ff87e057000 	C:\Users\micah\.jdks\corretto-18.0.2\bin\awt.dll
0x00007ff9229d0000 - 0x00007ff922a9d000 	C:\WINDOWS\System32\OLEAUT32.dll
0x00007ff91f630000 - 0x00007ff91f6c0000 	C:\WINDOWS\SYSTEM32\apphelp.dll
0x00007ff91f780000 - 0x00007ff91f81e000 	C:\WINDOWS\system32\uxtheme.dll
0x00007ff9231f0000 - 0x00007ff923304000 	C:\WINDOWS\System32\MSCTF.dll
0x00007ff923da0000 - 0x00007ff923ecb000 	C:\WINDOWS\System32\ole32.dll
0x00007ff91fa00000 - 0x00007ff91fa2f000 	C:\WINDOWS\system32\DWMAPI.DLL
0x00007ff8e2a10000 - 0x00007ff8e2b35000 	C:\WINDOWS\system32\opengl32.dll
0x00007ff8e3bc0000 - 0x00007ff8e3bec000 	C:\WINDOWS\SYSTEM32\GLU32.dll
0x00007ff8ded30000 - 0x00007ff8deefd000 	C:\WINDOWS\system32\d3d9.dll
0x00007ff917640000 - 0x00007ff9176fc000 	C:\WINDOWS\System32\DriverStore\FileRepository\nv_dispi.inf_amd64_677da8a9230cea15\nvldumdx.dll
0x00007ff921a00000 - 0x00007ff921a12000 	C:\WINDOWS\SYSTEM32\msasn1.dll
0x00007ff919990000 - 0x00007ff9199c1000 	C:\WINDOWS\SYSTEM32\cryptnet.dll
0x00007ff922100000 - 0x00007ff92225d000 	C:\WINDOWS\System32\CRYPT32.dll
0x00007ff919820000 - 0x00007ff919968000 	C:\WINDOWS\SYSTEM32\drvstore.dll
0x00007ff921bc0000 - 0x00007ff921bf3000 	C:\WINDOWS\SYSTEM32\devobj.dll
0x00007ff921e30000 - 0x00007ff921e7e000 	C:\WINDOWS\System32\cfgmgr32.dll
0x00007ff9217e0000 - 0x00007ff9217ec000 	C:\WINDOWS\SYSTEM32\cryptbase.dll
0x00007ff921f40000 - 0x00007ff921fa7000 	C:\WINDOWS\System32\wintrust.dll
0x00007ff922ba0000 - 0x00007ff922bbd000 	C:\WINDOWS\System32\imagehlp.dll
0x00007ff9217c0000 - 0x00007ff9217d8000 	C:\WINDOWS\SYSTEM32\CRYPTSP.dll
0x00007ff920e70000 - 0x00007ff920ea4000 	C:\WINDOWS\system32\rsaenh.dll
0x00007ff921e80000 - 0x00007ff921ea7000 	C:\WINDOWS\System32\bcrypt.dll
0x00007ff9118e0000 - 0x00007ff913ace000 	C:\WINDOWS\System32\DriverStore\FileRepository\nv_dispi.inf_amd64_677da8a9230cea15\nvgpucomp64.dll
0x00007ff86d820000 - 0x00007ff8701e5000 	C:\WINDOWS\System32\DriverStore\FileRepository\nv_dispi.inf_amd64_677da8a9230cea15\nvd3dumx.dll
0x00007ff908e20000 - 0x00007ff908edc000 	C:\WINDOWS\System32\DriverStore\FileRepository\nvmdi.inf_amd64_42df78e1ec0db843\nvldumdx.dll
0x00007ff9043e0000 - 0x00007ff9065ce000 	C:\WINDOWS\System32\DriverStore\FileRepository\nvmdi.inf_amd64_42df78e1ec0db843\nvgpucomp64.dll
0x00007ff86ae50000 - 0x00007ff86d815000 	C:\WINDOWS\System32\DriverStore\FileRepository\nvmdi.inf_amd64_42df78e1ec0db843\nvd3dumx.dll
0x00007ff88e620000 - 0x00007ff88e8f1000 	C:\WINDOWS\system32\nvspcap64.dll
0x00007ff920f90000 - 0x00007ff920fc3000 	C:\WINDOWS\SYSTEM32\ntmarta.dll
0x00007ff9206a0000 - 0x00007ff9206c3000 	C:\WINDOWS\SYSTEM32\gpapi.dll
0x00007ff917720000 - 0x00007ff91775b000 	C:\WINDOWS\SYSTEM32\dxcore.dll
0x00007ff906cc0000 - 0x00007ff906d43000 	C:\Users\micah\.jdks\corretto-18.0.2\bin\freetype.dll
0x00007ff8fb090000 - 0x00007ff8fb135000 	C:\Users\micah\.jdks\corretto-18.0.2\bin\fontmanager.dll
0x00007ff917990000 - 0x00007ff917a8a000 	C:\WINDOWS\SYSTEM32\textinputframework.dll
0x00007ff91ef20000 - 0x00007ff91f27b000 	C:\WINDOWS\System32\CoreUIComponents.dll
0x00007ff91f2c0000 - 0x00007ff91f3b2000 	C:\WINDOWS\System32\CoreMessaging.dll
0x00007ff91d8f0000 - 0x00007ff91da45000 	C:\WINDOWS\SYSTEM32\wintypes.dll

dbghelp: loaded successfully - version: 4.0.5 - missing functions: none
symbol engine: initialized successfully - sym options: 0x614 - pdb path: .;C:\Users\micah\.jdks\corretto-18.0.2\bin;C:\WINDOWS\SYSTEM32;C:\WINDOWS\WinSxS\amd64_microsoft.windows.common-controls_6595b64144ccf1df_6.0.19041.3570_none_60bb2a3971f3e41a;C:\Users\micah\.jdks\corretto-18.0.2\bin\server;C:\WINDOWS\System32\DriverStore\FileRepository\nv_dispi.inf_amd64_677da8a9230cea15;C:\WINDOWS\System32\DriverStore\FileRepository\nvmdi.inf_amd64_42df78e1ec0db843

VM Arguments:
jvm_args: -Dfile.encoding=windows-1252 -Duser.country=US -Duser.language=en -Duser.variant 
java_command: org.game.Game
java_class_path (initial): C:\Users\micah\IdeaProjects\PixelTest\build\classes\java\main;C:\Users\micah\IdeaProjects\PixelTest\build\resources\main
Launcher Type: SUN_STANDARD

[Global flags]
     intx CICompilerCount                          = 4                                         {product} {ergonomic}
     uint ConcGCThreads                            = 3                                         {product} {ergonomic}
     uint G1ConcRefinementThreads                  = 10                                        {product} {ergonomic}
   size_t G1HeapRegionSize                         = 4194304                                   {product} {ergonomic}
    uintx GCDrainStackTargetSize                   = 64                                        {product} {ergonomic}
   size_t InitialHeapSize                          = 536870912                                 {product} {ergonomic}
   size_t MarkStackSize                            = 4194304                                   {product} {ergonomic}
   size_t MaxHeapSize                              = 8573157376                                {product} {ergonomic}
   size_t MaxNewSize                               = 5142216704                                {product} {ergonomic}
   size_t MinHeapDeltaBytes                        = 4194304                                   {product} {ergonomic}
   size_t MinHeapSize                              = 8388608                                   {product} {ergonomic}
    uintx NonNMethodCodeHeapSize                   = 5839372                                {pd product} {ergonomic}
    uintx NonProfiledCodeHeapSize                  = 122909434                              {pd product} {ergonomic}
    uintx ProfiledCodeHeapSize                     = 122909434                              {pd product} {ergonomic}
    uintx ReservedCodeCacheSize                    = 251658240                              {pd product} {ergonomic}
     bool SegmentedCodeCache                       = true                                      {product} {ergonomic}
   size_t SoftMaxHeapSize                          = 8573157376                             {manageable} {ergonomic}
     bool UseCompressedClassPointers               = true                           {product lp64_product} {ergonomic}
     bool UseCompressedOops                        = true                           {product lp64_product} {ergonomic}
     bool UseG1GC                                  = true                                      {product} {ergonomic}
     bool UseLargePagesIndividualAllocation        = false                                  {pd product} {ergonomic}

Logging:
Log output configuration:
 #0: stdout all=warning uptime,level,tags foldmultilines=false
 #1: stderr all=off uptime,level,tags foldmultilines=false

Environment Variables:
PATH=C:\Python312\Scripts\;C:\Python312\;C:\Python311\Scripts\;C:\Python311\;C:\Ruby32-x64\bin;C:\Program Files\Common Files\Oracle\Java\javapath;C:\Program Files\Oculus\Support\oculus-runtime;C:\WINDOWS\system32;C:\WINDOWS;C:\WINDOWS\System32\Wbem;C:\WINDOWS\System32\WindowsPowerShell\v1.0\;C:\WINDOWS\System32\OpenSSH\;C:\Program Files\NVIDIA Corporation\NVIDIA NvDLISR;C:\Program Files (x86)\NVIDIA Corporation\PhysX\Common;C:\Program Files\Git\cmd;C:\ProgramData\chocolatey\bin;C:\xampp\php;C:\ProgramData\ComposerSetup\bin;C:\Program Files\dotnet\;C:\Program Files\nodejs\;C:\Program Files\MySQL\MySQL Shell 8.0\bin\;C:\Users\micah\AppData\Local\Microsoft\WindowsApps;;C:\Program Files\JetBrains\IntelliJ IDEA Community Edition 2022.3.3\bin;;C:\Program Files\JetBrains\WebStorm 2023.1\bin;;C:\Users\micah\AppData\Local\Programs\Microsoft VS Code\bin;C:\Users\micah\AppData\Roaming\Composer\vendor\bin;C:\Program Files\JetBrains\RubyMine 2023.1.2\bin;;C:\Users\micah\AppData\Roaming\npm
USERNAME=micah
OS=Windows_NT
PROCESSOR_IDENTIFIER=AMD64 Family 25 Model 33 Stepping 0, AuthenticAMD



---------------  S Y S T E M  ---------------

OS:
 Windows 10 , 64 bit Build 19041 (10.0.19041.3570)
OS uptime: 0 days 1:39 hours

CPU: total 12 (initial active 12) (12 cores per cpu, 2 threads per core) family 25 model 33 stepping 0 microcode 0x0, cx8, cmov, fxsr, ht, mmx, 3dnowpref, sse, sse2, sse3, ssse3, sse4a, sse4.1, sse4.2, popcnt, lzcnt, tsc, tscinvbit, avx, avx2, aes, clmul, bmi1, bmi2, adx, sha, fma, vzeroupper, clflush, clflushopt

Memory: 4k page, system-wide physical 32691M (16521M free)
TotalPageFile size 34739M (AvailPageFile size 12290M)
current process WorkingSet (physical memory assigned to process): 142M, peak: 165M
current process commit charge ("private bytes"): 894M, peak: 927M

vm_info: OpenJDK 64-Bit Server VM (18.0.2+9-FR) for windows-amd64 JRE (18.0.2+9-FR), built on Jul 15 2022 20:03:03 by "Administrator" with MS VC++ 15.9 (VS2017)

END.
