#
# A fatal error has been detected by the Java Runtime Environment:
#
#  EXCEPTION_ACCESS_VIOLATION (0xc0000005) at pc=0x00007ffe686ea3d3, pid=19160, tid=17832
#
# JRE version: OpenJDK Runtime Environment Corretto-18.0.2.9.1 (18.0.2+9) (build 18.0.2+9-FR)
# Java VM: OpenJDK 64-Bit Server VM Corretto-18.0.2.9.1 (18.0.2+9-FR, mixed mode, sharing, tiered, compressed oops, compressed class ptrs, g1 gc, windows-amd64)
# Problematic frame:
# V  [jvm.dll+0x23a3d3]
#
# No core dump will be written. Minidumps are not enabled by default on client versions of Windows
#
# If you would like to submit a bug report, please visit:
#   https://github.com/corretto/corretto-18/issues/
#

---------------  S U M M A R Y ------------

Command Line: -Dfile.encoding=windows-1252 -Duser.country=US -Duser.language=en -Duser.variant org.game.Game

Host: AMD Ryzen 5 5600X 6-Core Processor             , 12 cores, 31G,  Windows 10 , 64 bit Build 19041 (10.0.19041.3636)
Time: Thu Nov 16 22:43:31 2023 Eastern Standard Time elapsed time: 20.233756 seconds (0d 0h 0m 20s)

---------------  T H R E A D  ---------------

Current thread (0x0000021afb7f3c80):  JavaThread "C2 CompilerThread0" daemon [_thread_in_native, id=17832, stack(0x000000283f600000,0x000000283f700000)]


Current CompileTask:
C2:  20234 1840       4       org.graphics.Renderer::loadImage (60 bytes)

Stack: [0x000000283f600000,0x000000283f700000],  sp=0x000000283f6fc630,  free space=1009k
Native frames: (J=compiled Java code, j=interpreted, Vv=VM code, C=native code)
V  [jvm.dll+0x23a3d3]
V  [jvm.dll+0x6a8972]
V  [jvm.dll+0x23b0f8]
V  [jvm.dll+0x232c68]
V  [jvm.dll+0x1c0a35]
V  [jvm.dll+0x24212c]
V  [jvm.dll+0x240534]
V  [jvm.dll+0x7df6db]
V  [jvm.dll+0x7d9cba]
V  [jvm.dll+0x6848a5]
C  [ucrtbase.dll+0x21bb2]
C  [KERNEL32.DLL+0x17344]
C  [ntdll.dll+0x526b1]


siginfo: EXCEPTION_ACCESS_VIOLATION (0xc0000005), reading address 0xffffffffffffffff


Register to memory mapping:

RIP=0x00007ffe686ea3d3 jvm.dll
RAX=0x0000021a92272818 points into unknown readable memory: 0x0008021a922719d8 | d8 19 27 92 1a 02 08 00
RBX=0x000000283f6fc6f0 is pointing into the stack for thread: 0x0000021afb7f3c80
RCX=0x00000000000014fd is an unknown value
RDX=0x00000000000018af is an unknown value
RSP=0x000000283f6fc630 is pointing into the stack for thread: 0x0000021afb7f3c80
RBP=0x000000283f6fc6e0 is pointing into the stack for thread: 0x0000021afb7f3c80
RSI=0x000000000000014c is an unknown value
RDI=0x0008021a922719d8 is an unknown value
R8 =0x0000000000800000 is an unknown value
R9 =0x0 is NULL
R10=0x0000021afe5e69d8 points into unknown readable memory: 0x0000000000000003 | 03 00 00 00 00 00 00 00
R11=0x0000021afe5acfc0 points into unknown readable memory: 0x0000013ae01fd368 | 68 d3 1f e0 3a 01 00 00
R12=0x0000000000000003 is an unknown value
R13=0x0000021a922727c0 points into unknown readable memory: 0x00007ffe68dc7908 | 08 79 dc 68 fe 7f 00 00
R14=0x0 is NULL
R15=0x0000000000000017 is an unknown value


Registers:
RAX=0x0000021a92272818, RBX=0x000000283f6fc6f0, RCX=0x00000000000014fd, RDX=0x00000000000018af
RSP=0x000000283f6fc630, RBP=0x000000283f6fc6e0, RSI=0x000000000000014c, RDI=0x0008021a922719d8
R8 =0x0000000000800000, R9 =0x0000000000000000, R10=0x0000021afe5e69d8, R11=0x0000021afe5acfc0
R12=0x0000000000000003, R13=0x0000021a922727c0, R14=0x0000000000000000, R15=0x0000000000000017
RIP=0x00007ffe686ea3d3, EFLAGS=0x0000000000010246

Top of Stack: (sp=0x000000283f6fc630)
0x000000283f6fc630:   000000283f6fc6f0 000000283f6fc6e0
0x000000283f6fc640:   000000283f6fdfb0 0000000000004b2a
0x000000283f6fc650:   000000283f6fcfb0 00000000002f2d38
0x000000283f6fc660:   0000021afb7e9890 000000283f6fd140
0x000000283f6fc670:   0000000000000000 00007ffe68b58972
0x000000283f6fc680:   0000021a000014fd 000000283f6fc6e0
0x000000283f6fc690:   0000021afe5e69b8 0000021afe5ec6e8
0x000000283f6fc6a0:   0000021acf40c600 00000000002f2d38
0x000000283f6fc6b0:   0000021afb7e9890 00007ffe686eb0f8
0x000000283f6fc6c0:   000000283f6fdfb0 0000000000000001
0x000000283f6fc6d0:   0000021afe5e4700 00007ffe68c9af31
0x000000283f6fc6e0:   0000021a00000002 000000283f6fdfb0
0x000000283f6fc6f0:   0000021afb7e9890 00007ffe00008000
0x000000283f6fc700:   0000021a91d9e5e0 00007ffe000018af
0x000000283f6fc710:   0000000000000400 0000021afe5ac7c0
0x000000283f6fc720:   0000021a00000400 0000021afb7e9890 

Instructions: (pc=0x00007ffe686ea3d3)
0x00007ffe686ea2d3:   41 8b c6 48 f7 d8 4d 8d 3c c7 4c 3b fe 0f 83 2c
0x00007ffe686ea2e3:   fe ff ff 4c 8b 74 24 20 48 8b 7c 24 28 48 8b 6c
0x00007ffe686ea2f3:   24 60 48 83 c4 30 41 5f 41 5d 41 5c 5e 5b c3 cc
0x00007ffe686ea303:   cc cc cc cc cc cc cc cc cc cc cc cc cc 40 53 56
0x00007ffe686ea313:   57 48 83 ec 30 8b b9 40 02 00 00 48 8b da 2b b9
0x00007ffe686ea323:   68 02 00 00 48 8b f1 3b 7a 08 72 0a 8b d7 48 8b
0x00007ffe686ea333:   cb e8 a7 9f 42 00 48 8b 43 10 48 c7 04 f8 00 00
0x00007ffe686ea343:   00 00 48 8b 96 d0 02 00 00 48 85 d2 74 08 48 8b
0x00007ffe686ea353:   cb e8 17 22 e9 ff 48 8b 96 d8 02 00 00 48 85 d2
0x00007ffe686ea363:   74 08 48 8b cb e8 03 22 e9 ff 8b 53 18 33 c0 89
0x00007ffe686ea373:   44 24 50 85 d2 0f 84 f8 00 00 00 48 89 6c 24 58
0x00007ffe686ea383:   4c 89 64 24 60 4c 89 6c 24 68 4c 89 74 24 28 4c
0x00007ffe686ea393:   89 7c 24 20 66 0f 1f 84 00 00 00 00 00 8b c8 48
0x00007ffe686ea3a3:   8b 43 10 4c 8b 2c c8 41 8b 45 1c 85 c0 0f 84 95
0x00007ffe686ea3b3:   00 00 00 45 33 f6 44 8b e0 0f 1f 40 00 49 8b 45
0x00007ffe686ea3c3:   08 49 8b 3c 06 48 85 ff 74 6d 40 f6 c7 01 75 67
0x00007ffe686ea3d3:   48 83 3f fe 74 61 44 8b 7f 28 41 8b f7 c1 ee 05
0x00007ffe686ea3e3:   3b 73 20 72 0b 8b d6 48 8d 4b 20 e8 3d b7 5d 00
0x00007ffe686ea3f3:   48 8b 43 28 41 83 e7 1f 48 8d 14 b0 41 0f b6 cf
0x00007ffe686ea403:   41 b8 01 00 00 00 41 d3 e0 8b 0a 8b c1 41 0b c0
0x00007ffe686ea413:   89 02 41 85 c8 75 20 8b 73 18 8d 46 01 89 43 18
0x00007ffe686ea423:   3b 73 08 72 0a 8b d6 48 8b cb e8 ae 9e 42 00 48
0x00007ffe686ea433:   8b 43 10 48 89 3c f0 49 83 c6 08 49 83 ec 01 0f
0x00007ffe686ea443:   85 78 ff ff ff 8b 53 18 8b 44 24 50 ff c0 89 44
0x00007ffe686ea453:   24 50 3b c2 0f 82 43 ff ff ff 4c 8b 7c 24 20 4c
0x00007ffe686ea463:   8b 74 24 28 4c 8b 6c 24 68 4c 8b 64 24 60 48 8b
0x00007ffe686ea473:   6c 24 58 48 83 c4 30 5f 5e 5b c3 cc cc 40 53 48
0x00007ffe686ea483:   83 ec 20 48 8b 81 e0 02 00 00 48 8b d9 48 85 c0
0x00007ffe686ea493:   75 27 e8 c6 3c 00 00 48 8b d0 48 8b 48 10 48 8b
0x00007ffe686ea4a3:   01 48 3b c2 74 06 83 78 38 02 74 06 48 83 c1 08
0x00007ffe686ea4b3:   eb ec 48 89 83 e0 02 00 00 48 83 c4 20 5b c3 cc
0x00007ffe686ea4c3:   cc cc cc cc cc cc cc cc cc cc cc cc cc 48 8b c4 


Stack slot to memory mapping:
stack at sp + 0 slots: 0x000000283f6fc6f0 is pointing into the stack for thread: 0x0000021afb7f3c80
stack at sp + 1 slots: 0x000000283f6fc6e0 is pointing into the stack for thread: 0x0000021afb7f3c80
stack at sp + 2 slots: 0x000000283f6fdfb0 is pointing into the stack for thread: 0x0000021afb7f3c80
stack at sp + 3 slots: 0x0000000000004b2a is an unknown value
stack at sp + 4 slots: 0x000000283f6fcfb0 is pointing into the stack for thread: 0x0000021afb7f3c80
stack at sp + 5 slots: 0x00000000002f2d38 is an unknown value
stack at sp + 6 slots: 0x0000021afb7e9890 points into unknown readable memory: 0x0000021a00000007 | 07 00 00 00 1a 02 00 00
stack at sp + 7 slots: 0x000000283f6fd140 is pointing into the stack for thread: 0x0000021afb7f3c80


---------------  P R O C E S S  ---------------

Threads class SMR info:
_java_thread_list=0x0000021a8ab1eba0, length=17, elements={
0x0000021afb7d7350, 0x0000021afb7dbfc0, 0x0000021afb7ed9f0, 0x0000021afb7ee390,
0x0000021afb7eed30, 0x0000021afb7f13d0, 0x0000021afb7f3c80, 0x0000021afb7fea90,
0x0000021afb805890, 0x0000021afe4d56a0, 0x0000021afe4d7de0, 0x0000021afe6adac0,
0x0000021afe6c7970, 0x0000021afe6c8860, 0x0000021a8aa62290, 0x0000021a8aaf3f50,
0x0000021acf59b840
}

Java Threads: ( => current thread )
  0x0000021afb7d7350 JavaThread "Reference Handler" daemon [_thread_blocked, id=11084, stack(0x000000283f000000,0x000000283f100000)]
  0x0000021afb7dbfc0 JavaThread "Finalizer" daemon [_thread_blocked, id=21320, stack(0x000000283f100000,0x000000283f200000)]
  0x0000021afb7ed9f0 JavaThread "Signal Dispatcher" daemon [_thread_blocked, id=14252, stack(0x000000283f200000,0x000000283f300000)]
  0x0000021afb7ee390 JavaThread "Attach Listener" daemon [_thread_blocked, id=7304, stack(0x000000283f300000,0x000000283f400000)]
  0x0000021afb7eed30 JavaThread "Service Thread" daemon [_thread_blocked, id=21368, stack(0x000000283f400000,0x000000283f500000)]
  0x0000021afb7f13d0 JavaThread "Monitor Deflation Thread" daemon [_thread_blocked, id=16940, stack(0x000000283f500000,0x000000283f600000)]
=>0x0000021afb7f3c80 JavaThread "C2 CompilerThread0" daemon [_thread_in_native, id=17832, stack(0x000000283f600000,0x000000283f700000)]
  0x0000021afb7fea90 JavaThread "C1 CompilerThread0" daemon [_thread_blocked, id=21172, stack(0x000000283f700000,0x000000283f800000)]
  0x0000021afb805890 JavaThread "Sweeper thread" daemon [_thread_blocked, id=18704, stack(0x000000283f800000,0x000000283f900000)]
  0x0000021afe4d56a0 JavaThread "Notification Thread" daemon [_thread_blocked, id=17600, stack(0x000000283f900000,0x000000283fa00000)]
  0x0000021afe4d7de0 JavaThread "Common-Cleaner" daemon [_thread_blocked, id=21052, stack(0x000000283fb00000,0x000000283fc00000)]
  0x0000021afe6adac0 JavaThread "Java2D Disposer" daemon [_thread_blocked, id=20880, stack(0x000000283fc00000,0x000000283fd00000)]
  0x0000021afe6c7970 JavaThread "AWT-Shutdown" [_thread_blocked, id=10696, stack(0x000000283fd00000,0x000000283fe00000)]
  0x0000021afe6c8860 JavaThread "AWT-Windows" daemon [_thread_in_native, id=5660, stack(0x000000283fe00000,0x000000283ff00000)]
  0x0000021a8aa62290 JavaThread "AWT-EventQueue-0" [_thread_blocked, id=308, stack(0x0000002840410000,0x0000002840510000)]
  0x0000021a8aaf3f50 JavaThread "Rendering Thread" [_thread_in_native, id=8432, stack(0x0000002840610000,0x0000002840710000)]
  0x0000021acf59b840 JavaThread "DestroyJavaVM" [_thread_blocked, id=2156, stack(0x000000283e900000,0x000000283ea00000)]

Other Threads:
  0x0000021afb645ce0 VMThread "VM Thread" [stack: 0x000000283ef00000,0x000000283f000000] [id=13648]
  0x0000021afe4d7b70 WatcherThread "VM Periodic Task Thread" [stack: 0x000000283fa00000,0x000000283fb00000] [id=19644]
  0x0000021acf64e3a0 WorkerThread "GC Thread#0" [stack: 0x000000283ea00000,0x000000283eb00000] [id=8448]
  0x0000021a8add68a0 WorkerThread "GC Thread#1" [stack: 0x0000002840710000,0x0000002840810000] [id=6576]
  0x0000021a8add6b40 WorkerThread "GC Thread#2" [stack: 0x0000002840810000,0x0000002840910000] [id=4900]
  0x0000021a8add6de0 WorkerThread "GC Thread#3" [stack: 0x0000002840910000,0x0000002840a10000] [id=18808]
  0x0000021a8add7490 WorkerThread "GC Thread#4" [stack: 0x0000002840a10000,0x0000002840b10000] [id=11020]
  0x0000021a8add7b40 WorkerThread "GC Thread#5" [stack: 0x0000002840b10000,0x0000002840c10000] [id=1580]
  0x0000021a8add7de0 WorkerThread "GC Thread#6" [stack: 0x0000002840c10000,0x0000002840d10000] [id=6236]
  0x0000021a8ad989e0 WorkerThread "GC Thread#7" [stack: 0x0000002840d10000,0x0000002840e10000] [id=5164]
  0x0000021a8ad7b1f0 WorkerThread "GC Thread#8" [stack: 0x0000002840e10000,0x0000002840f10000] [id=13860]
  0x0000021a8ad7acb0 WorkerThread "GC Thread#9" [stack: 0x0000002840f10000,0x0000002841010000] [id=2560]
  0x0000021afb634070 ConcurrentGCThread "G1 Main Marker" [stack: 0x000000283eb00000,0x000000283ec00000] [id=17076]
  0x0000021afb634a60 WorkerThread "G1 Conc#0" [stack: 0x000000283ec00000,0x000000283ed00000] [id=21240]
  0x0000021afb68a4b0 ConcurrentGCThread "G1 Refine#0" [stack: 0x000000283ed00000,0x000000283ee00000] [id=18868]
  0x0000021afb68adc0 ConcurrentGCThread "G1 Service" [stack: 0x000000283ee00000,0x000000283ef00000] [id=2080]

Threads with active compile tasks:
C2 CompilerThread0    20341 1840       4       org.graphics.Renderer::loadImage (60 bytes)

VM state: not at safepoint (normal execution)

VM Mutex/Monitor currently owned by a thread: None

Heap address: 0x0000000601000000, size: 8176 MB, Compressed Oops mode: Zero based, Oop shift amount: 3

CDS archive(s) mapped at: [0x0000000800000000-0x0000000800ba0000-0x0000000800ba0000), size 12189696, SharedBaseAddress: 0x0000000800000000, ArchiveRelocationMode: 0.
Compressed class space mapped at: 0x0000000800c00000-0x0000000840c00000, reserved size: 1073741824
Narrow klass base: 0x0000000800000000, Narrow klass shift: 0, Narrow klass range: 0x100000000

GC Precious Log:
 CardTable entry size: 512
 Card Set container configuration: InlinePtr #cards 4 size 8 Array Of Cards #cards 32 size 80 Howl #buckets 8 coarsen threshold 7372 Howl Bitmap #cards 1024 size 144 coarsen threshold 921 Card regions per heap region 1 cards per card region 8192
 CPUs: 12 total, 12 available
 Memory: 32691M
 Large Page Support: Disabled
 NUMA Support: Disabled
 Compressed Oops: Enabled (Zero based)
 Heap Region Size: 4M
 Heap Min Capacity: 8M
 Heap Initial Capacity: 512M
 Heap Max Capacity: 8176M
 Pre-touch: Disabled
 Parallel Workers: 10
 Concurrent Workers: 3
 Concurrent Refinement Workers: 10
 Periodic GC: Disabled

Heap:
 garbage-first heap   total 524288K, used 265256K [0x0000000601000000, 0x0000000800000000)
  region size 4096K, 66 young (270336K), 1 survivors (4096K)
 Metaspace       used 7303K, committed 7552K, reserved 1114112K
  class space    used 659K, committed 768K, reserved 1048576K

Heap Regions: E=young(eden), S=young(survivor), O=old, HS=humongous(starts), HC=humongous(continues), CS=collection set, F=free, OA=open archive, CA=closed archive, TAMS=top-at-mark-start (previous, next)
|   0|0x0000000601000000, 0x00000006012b4200, 0x0000000601400000| 67%| O|  |TAMS 0x0000000601000000, 0x0000000601000000| Untracked 
|   1|0x0000000601400000, 0x0000000601400000, 0x0000000601800000|  0%| F|  |TAMS 0x0000000601400000, 0x0000000601400000| Untracked 
|   2|0x0000000601800000, 0x0000000601800000, 0x0000000601c00000|  0%| F|  |TAMS 0x0000000601800000, 0x0000000601800000| Untracked 
|   3|0x0000000601c00000, 0x0000000601c00000, 0x0000000602000000|  0%| F|  |TAMS 0x0000000601c00000, 0x0000000601c00000| Untracked 
|   4|0x0000000602000000, 0x0000000602000000, 0x0000000602400000|  0%| F|  |TAMS 0x0000000602000000, 0x0000000602000000| Untracked 
|   5|0x0000000602400000, 0x0000000602400000, 0x0000000602800000|  0%| F|  |TAMS 0x0000000602400000, 0x0000000602400000| Untracked 
|   6|0x0000000602800000, 0x0000000602800000, 0x0000000602c00000|  0%| F|  |TAMS 0x0000000602800000, 0x0000000602800000| Untracked 
|   7|0x0000000602c00000, 0x0000000602c00000, 0x0000000603000000|  0%| F|  |TAMS 0x0000000602c00000, 0x0000000602c00000| Untracked 
|   8|0x0000000603000000, 0x0000000603000000, 0x0000000603400000|  0%| F|  |TAMS 0x0000000603000000, 0x0000000603000000| Untracked 
|   9|0x0000000603400000, 0x0000000603400000, 0x0000000603800000|  0%| F|  |TAMS 0x0000000603400000, 0x0000000603400000| Untracked 
|  10|0x0000000603800000, 0x0000000603800000, 0x0000000603c00000|  0%| F|  |TAMS 0x0000000603800000, 0x0000000603800000| Untracked 
|  11|0x0000000603c00000, 0x0000000603c00000, 0x0000000604000000|  0%| F|  |TAMS 0x0000000603c00000, 0x0000000603c00000| Untracked 
|  12|0x0000000604000000, 0x0000000604000000, 0x0000000604400000|  0%| F|  |TAMS 0x0000000604000000, 0x0000000604000000| Untracked 
|  13|0x0000000604400000, 0x0000000604400000, 0x0000000604800000|  0%| F|  |TAMS 0x0000000604400000, 0x0000000604400000| Untracked 
|  14|0x0000000604800000, 0x0000000604800000, 0x0000000604c00000|  0%| F|  |TAMS 0x0000000604800000, 0x0000000604800000| Untracked 
|  15|0x0000000604c00000, 0x0000000604c00000, 0x0000000605000000|  0%| F|  |TAMS 0x0000000604c00000, 0x0000000604c00000| Untracked 
|  16|0x0000000605000000, 0x0000000605000000, 0x0000000605400000|  0%| F|  |TAMS 0x0000000605000000, 0x0000000605000000| Untracked 
|  17|0x0000000605400000, 0x0000000605400000, 0x0000000605800000|  0%| F|  |TAMS 0x0000000605400000, 0x0000000605400000| Untracked 
|  18|0x0000000605800000, 0x0000000605800000, 0x0000000605c00000|  0%| F|  |TAMS 0x0000000605800000, 0x0000000605800000| Untracked 
|  19|0x0000000605c00000, 0x0000000605c00000, 0x0000000606000000|  0%| F|  |TAMS 0x0000000605c00000, 0x0000000605c00000| Untracked 
|  20|0x0000000606000000, 0x0000000606000000, 0x0000000606400000|  0%| F|  |TAMS 0x0000000606000000, 0x0000000606000000| Untracked 
|  21|0x0000000606400000, 0x0000000606400000, 0x0000000606800000|  0%| F|  |TAMS 0x0000000606400000, 0x0000000606400000| Untracked 
|  22|0x0000000606800000, 0x0000000606800000, 0x0000000606c00000|  0%| F|  |TAMS 0x0000000606800000, 0x0000000606800000| Untracked 
|  23|0x0000000606c00000, 0x0000000606c00000, 0x0000000607000000|  0%| F|  |TAMS 0x0000000606c00000, 0x0000000606c00000| Untracked 
|  24|0x0000000607000000, 0x0000000607000000, 0x0000000607400000|  0%| F|  |TAMS 0x0000000607000000, 0x0000000607000000| Untracked 
|  25|0x0000000607400000, 0x0000000607400000, 0x0000000607800000|  0%| F|  |TAMS 0x0000000607400000, 0x0000000607400000| Untracked 
|  26|0x0000000607800000, 0x0000000607800000, 0x0000000607c00000|  0%| F|  |TAMS 0x0000000607800000, 0x0000000607800000| Untracked 
|  27|0x0000000607c00000, 0x0000000607c00000, 0x0000000608000000|  0%| F|  |TAMS 0x0000000607c00000, 0x0000000607c00000| Untracked 
|  28|0x0000000608000000, 0x0000000608000000, 0x0000000608400000|  0%| F|  |TAMS 0x0000000608000000, 0x0000000608000000| Untracked 
|  29|0x0000000608400000, 0x0000000608400000, 0x0000000608800000|  0%| F|  |TAMS 0x0000000608400000, 0x0000000608400000| Untracked 
|  30|0x0000000608800000, 0x0000000608800000, 0x0000000608c00000|  0%| F|  |TAMS 0x0000000608800000, 0x0000000608800000| Untracked 
|  31|0x0000000608c00000, 0x0000000608c00000, 0x0000000609000000|  0%| F|  |TAMS 0x0000000608c00000, 0x0000000608c00000| Untracked 
|  32|0x0000000609000000, 0x0000000609000000, 0x0000000609400000|  0%| F|  |TAMS 0x0000000609000000, 0x0000000609000000| Untracked 
|  33|0x0000000609400000, 0x0000000609400000, 0x0000000609800000|  0%| F|  |TAMS 0x0000000609400000, 0x0000000609400000| Untracked 
|  34|0x0000000609800000, 0x0000000609800000, 0x0000000609c00000|  0%| F|  |TAMS 0x0000000609800000, 0x0000000609800000| Untracked 
|  35|0x0000000609c00000, 0x0000000609c00000, 0x000000060a000000|  0%| F|  |TAMS 0x0000000609c00000, 0x0000000609c00000| Untracked 
|  36|0x000000060a000000, 0x000000060a000000, 0x000000060a400000|  0%| F|  |TAMS 0x000000060a000000, 0x000000060a000000| Untracked 
|  37|0x000000060a400000, 0x000000060a400000, 0x000000060a800000|  0%| F|  |TAMS 0x000000060a400000, 0x000000060a400000| Untracked 
|  38|0x000000060a800000, 0x000000060a800000, 0x000000060ac00000|  0%| F|  |TAMS 0x000000060a800000, 0x000000060a800000| Untracked 
|  39|0x000000060ac00000, 0x000000060ac00000, 0x000000060b000000|  0%| F|  |TAMS 0x000000060ac00000, 0x000000060ac00000| Untracked 
|  40|0x000000060b000000, 0x000000060b000000, 0x000000060b400000|  0%| F|  |TAMS 0x000000060b000000, 0x000000060b000000| Untracked 
|  41|0x000000060b400000, 0x000000060b400000, 0x000000060b800000|  0%| F|  |TAMS 0x000000060b400000, 0x000000060b400000| Untracked 
|  42|0x000000060b800000, 0x000000060b800000, 0x000000060bc00000|  0%| F|  |TAMS 0x000000060b800000, 0x000000060b800000| Untracked 
|  43|0x000000060bc00000, 0x000000060bc00000, 0x000000060c000000|  0%| F|  |TAMS 0x000000060bc00000, 0x000000060bc00000| Untracked 
|  44|0x000000060c000000, 0x000000060c000000, 0x000000060c400000|  0%| F|  |TAMS 0x000000060c000000, 0x000000060c000000| Untracked 
|  45|0x000000060c400000, 0x000000060c400000, 0x000000060c800000|  0%| F|  |TAMS 0x000000060c400000, 0x000000060c400000| Untracked 
|  46|0x000000060c800000, 0x000000060c800000, 0x000000060cc00000|  0%| F|  |TAMS 0x000000060c800000, 0x000000060c800000| Untracked 
|  47|0x000000060cc00000, 0x000000060cc00000, 0x000000060d000000|  0%| F|  |TAMS 0x000000060cc00000, 0x000000060cc00000| Untracked 
|  48|0x000000060d000000, 0x000000060d000000, 0x000000060d400000|  0%| F|  |TAMS 0x000000060d000000, 0x000000060d000000| Untracked 
|  49|0x000000060d400000, 0x000000060d400000, 0x000000060d800000|  0%| F|  |TAMS 0x000000060d400000, 0x000000060d400000| Untracked 
|  50|0x000000060d800000, 0x000000060d800000, 0x000000060dc00000|  0%| F|  |TAMS 0x000000060d800000, 0x000000060d800000| Untracked 
|  51|0x000000060dc00000, 0x000000060dc00000, 0x000000060e000000|  0%| F|  |TAMS 0x000000060dc00000, 0x000000060dc00000| Untracked 
|  52|0x000000060e000000, 0x000000060e000000, 0x000000060e400000|  0%| F|  |TAMS 0x000000060e000000, 0x000000060e000000| Untracked 
|  53|0x000000060e400000, 0x000000060e400000, 0x000000060e800000|  0%| F|  |TAMS 0x000000060e400000, 0x000000060e400000| Untracked 
|  54|0x000000060e800000, 0x000000060e800000, 0x000000060ec00000|  0%| F|  |TAMS 0x000000060e800000, 0x000000060e800000| Untracked 
|  55|0x000000060ec00000, 0x000000060ec00000, 0x000000060f000000|  0%| F|  |TAMS 0x000000060ec00000, 0x000000060ec00000| Untracked 
|  56|0x000000060f000000, 0x000000060f000000, 0x000000060f400000|  0%| F|  |TAMS 0x000000060f000000, 0x000000060f000000| Untracked 
|  57|0x000000060f400000, 0x000000060f400000, 0x000000060f800000|  0%| F|  |TAMS 0x000000060f400000, 0x000000060f400000| Untracked 
|  58|0x000000060f800000, 0x000000060f800000, 0x000000060fc00000|  0%| F|  |TAMS 0x000000060f800000, 0x000000060f800000| Untracked 
|  59|0x000000060fc00000, 0x000000060fc00000, 0x0000000610000000|  0%| F|  |TAMS 0x000000060fc00000, 0x000000060fc00000| Untracked 
|  60|0x0000000610000000, 0x0000000610000000, 0x0000000610400000|  0%| F|  |TAMS 0x0000000610000000, 0x0000000610000000| Untracked 
|  61|0x0000000610400000, 0x0000000610400000, 0x0000000610800000|  0%| F|  |TAMS 0x0000000610400000, 0x0000000610400000| Untracked 
|  62|0x0000000610800000, 0x0000000610a97590, 0x0000000610c00000| 64%| E|  |TAMS 0x0000000610800000, 0x0000000610800000| Complete 
|  63|0x0000000610c00000, 0x0000000611000000, 0x0000000611000000|100%| E|CS|TAMS 0x0000000610c00000, 0x0000000610c00000| Complete 
|  64|0x0000000611000000, 0x0000000611400000, 0x0000000611400000|100%| E|CS|TAMS 0x0000000611000000, 0x0000000611000000| Complete 
|  65|0x0000000611400000, 0x0000000611800000, 0x0000000611800000|100%| E|CS|TAMS 0x0000000611400000, 0x0000000611400000| Complete 
|  66|0x0000000611800000, 0x0000000611c00000, 0x0000000611c00000|100%| E|CS|TAMS 0x0000000611800000, 0x0000000611800000| Complete 
|  67|0x0000000611c00000, 0x0000000612000000, 0x0000000612000000|100%| E|CS|TAMS 0x0000000611c00000, 0x0000000611c00000| Complete 
|  68|0x0000000612000000, 0x0000000612400000, 0x0000000612400000|100%| E|CS|TAMS 0x0000000612000000, 0x0000000612000000| Complete 
|  69|0x0000000612400000, 0x0000000612800000, 0x0000000612800000|100%| E|CS|TAMS 0x0000000612400000, 0x0000000612400000| Complete 
|  70|0x0000000612800000, 0x0000000612c00000, 0x0000000612c00000|100%| E|CS|TAMS 0x0000000612800000, 0x0000000612800000| Complete 
|  71|0x0000000612c00000, 0x0000000613000000, 0x0000000613000000|100%| E|CS|TAMS 0x0000000612c00000, 0x0000000612c00000| Complete 
|  72|0x0000000613000000, 0x0000000613400000, 0x0000000613400000|100%| E|CS|TAMS 0x0000000613000000, 0x0000000613000000| Complete 
|  73|0x0000000613400000, 0x0000000613800000, 0x0000000613800000|100%| E|CS|TAMS 0x0000000613400000, 0x0000000613400000| Complete 
|  74|0x0000000613800000, 0x0000000613c00000, 0x0000000613c00000|100%| E|CS|TAMS 0x0000000613800000, 0x0000000613800000| Complete 
|  75|0x0000000613c00000, 0x0000000614000000, 0x0000000614000000|100%| E|CS|TAMS 0x0000000613c00000, 0x0000000613c00000| Complete 
|  76|0x0000000614000000, 0x0000000614400000, 0x0000000614400000|100%| E|CS|TAMS 0x0000000614000000, 0x0000000614000000| Complete 
|  77|0x0000000614400000, 0x0000000614800000, 0x0000000614800000|100%| E|CS|TAMS 0x0000000614400000, 0x0000000614400000| Complete 
|  78|0x0000000614800000, 0x0000000614c00000, 0x0000000614c00000|100%| E|CS|TAMS 0x0000000614800000, 0x0000000614800000| Complete 
|  79|0x0000000614c00000, 0x0000000615000000, 0x0000000615000000|100%| E|CS|TAMS 0x0000000614c00000, 0x0000000614c00000| Complete 
|  80|0x0000000615000000, 0x0000000615400000, 0x0000000615400000|100%| E|CS|TAMS 0x0000000615000000, 0x0000000615000000| Complete 
|  81|0x0000000615400000, 0x0000000615800000, 0x0000000615800000|100%| E|CS|TAMS 0x0000000615400000, 0x0000000615400000| Complete 
|  82|0x0000000615800000, 0x0000000615c00000, 0x0000000615c00000|100%| E|CS|TAMS 0x0000000615800000, 0x0000000615800000| Complete 
|  83|0x0000000615c00000, 0x0000000616000000, 0x0000000616000000|100%| E|CS|TAMS 0x0000000615c00000, 0x0000000615c00000| Complete 
|  84|0x0000000616000000, 0x0000000616400000, 0x0000000616400000|100%| E|CS|TAMS 0x0000000616000000, 0x0000000616000000| Complete 
|  85|0x0000000616400000, 0x0000000616800000, 0x0000000616800000|100%| E|CS|TAMS 0x0000000616400000, 0x0000000616400000| Complete 
|  86|0x0000000616800000, 0x0000000616c00000, 0x0000000616c00000|100%| E|CS|TAMS 0x0000000616800000, 0x0000000616800000| Complete 
|  87|0x0000000616c00000, 0x0000000617000000, 0x0000000617000000|100%| E|CS|TAMS 0x0000000616c00000, 0x0000000616c00000| Complete 
|  88|0x0000000617000000, 0x0000000617400000, 0x0000000617400000|100%| E|CS|TAMS 0x0000000617000000, 0x0000000617000000| Complete 
|  89|0x0000000617400000, 0x0000000617800000, 0x0000000617800000|100%| E|CS|TAMS 0x0000000617400000, 0x0000000617400000| Complete 
|  90|0x0000000617800000, 0x0000000617c00000, 0x0000000617c00000|100%| E|CS|TAMS 0x0000000617800000, 0x0000000617800000| Complete 
|  91|0x0000000617c00000, 0x0000000618000000, 0x0000000618000000|100%| E|CS|TAMS 0x0000000617c00000, 0x0000000617c00000| Complete 
|  92|0x0000000618000000, 0x0000000618400000, 0x0000000618400000|100%| E|CS|TAMS 0x0000000618000000, 0x0000000618000000| Complete 
|  93|0x0000000618400000, 0x0000000618800000, 0x0000000618800000|100%| E|CS|TAMS 0x0000000618400000, 0x0000000618400000| Complete 
|  94|0x0000000618800000, 0x0000000618c00000, 0x0000000618c00000|100%| E|CS|TAMS 0x0000000618800000, 0x0000000618800000| Complete 
|  95|0x0000000618c00000, 0x0000000619000000, 0x0000000619000000|100%| E|CS|TAMS 0x0000000618c00000, 0x0000000618c00000| Complete 
|  96|0x0000000619000000, 0x0000000619400000, 0x0000000619400000|100%| E|CS|TAMS 0x0000000619000000, 0x0000000619000000| Complete 
|  97|0x0000000619400000, 0x0000000619800000, 0x0000000619800000|100%| E|CS|TAMS 0x0000000619400000, 0x0000000619400000| Complete 
|  98|0x0000000619800000, 0x0000000619c00000, 0x0000000619c00000|100%| E|CS|TAMS 0x0000000619800000, 0x0000000619800000| Complete 
|  99|0x0000000619c00000, 0x000000061a000000, 0x000000061a000000|100%| E|CS|TAMS 0x0000000619c00000, 0x0000000619c00000| Complete 
| 100|0x000000061a000000, 0x000000061a400000, 0x000000061a400000|100%| E|CS|TAMS 0x000000061a000000, 0x000000061a000000| Complete 
| 101|0x000000061a400000, 0x000000061a800000, 0x000000061a800000|100%| E|CS|TAMS 0x000000061a400000, 0x000000061a400000| Complete 
| 102|0x000000061a800000, 0x000000061ac00000, 0x000000061ac00000|100%| E|CS|TAMS 0x000000061a800000, 0x000000061a800000| Complete 
| 103|0x000000061ac00000, 0x000000061b000000, 0x000000061b000000|100%| E|CS|TAMS 0x000000061ac00000, 0x000000061ac00000| Complete 
| 104|0x000000061b000000, 0x000000061b400000, 0x000000061b400000|100%| E|CS|TAMS 0x000000061b000000, 0x000000061b000000| Complete 
| 105|0x000000061b400000, 0x000000061b800000, 0x000000061b800000|100%| E|CS|TAMS 0x000000061b400000, 0x000000061b400000| Complete 
| 106|0x000000061b800000, 0x000000061bc00000, 0x000000061bc00000|100%| E|CS|TAMS 0x000000061b800000, 0x000000061b800000| Complete 
| 107|0x000000061bc00000, 0x000000061c000000, 0x000000061c000000|100%| E|CS|TAMS 0x000000061bc00000, 0x000000061bc00000| Complete 
| 108|0x000000061c000000, 0x000000061c400000, 0x000000061c400000|100%| E|CS|TAMS 0x000000061c000000, 0x000000061c000000| Complete 
| 109|0x000000061c400000, 0x000000061c800000, 0x000000061c800000|100%| E|CS|TAMS 0x000000061c400000, 0x000000061c400000| Complete 
| 110|0x000000061c800000, 0x000000061cc00000, 0x000000061cc00000|100%| E|CS|TAMS 0x000000061c800000, 0x000000061c800000| Complete 
| 111|0x000000061cc00000, 0x000000061d000000, 0x000000061d000000|100%| E|CS|TAMS 0x000000061cc00000, 0x000000061cc00000| Complete 
| 112|0x000000061d000000, 0x000000061d400000, 0x000000061d400000|100%| E|CS|TAMS 0x000000061d000000, 0x000000061d000000| Complete 
| 113|0x000000061d400000, 0x000000061d800000, 0x000000061d800000|100%| E|CS|TAMS 0x000000061d400000, 0x000000061d400000| Complete 
| 114|0x000000061d800000, 0x000000061dc00000, 0x000000061dc00000|100%| E|CS|TAMS 0x000000061d800000, 0x000000061d800000| Complete 
| 115|0x000000061dc00000, 0x000000061e000000, 0x000000061e000000|100%| E|CS|TAMS 0x000000061dc00000, 0x000000061dc00000| Complete 
| 116|0x000000061e000000, 0x000000061e400000, 0x000000061e400000|100%| E|CS|TAMS 0x000000061e000000, 0x000000061e000000| Complete 
| 117|0x000000061e400000, 0x000000061e800000, 0x000000061e800000|100%| E|CS|TAMS 0x000000061e400000, 0x000000061e400000| Complete 
| 118|0x000000061e800000, 0x000000061ec00000, 0x000000061ec00000|100%| E|CS|TAMS 0x000000061e800000, 0x000000061e800000| Complete 
| 119|0x000000061ec00000, 0x000000061ec561c0, 0x000000061f000000|  8%| S|CS|TAMS 0x000000061ec00000, 0x000000061ec00000| Complete 
| 120|0x000000061f000000, 0x000000061f400000, 0x000000061f400000|100%| E|CS|TAMS 0x000000061f000000, 0x000000061f000000| Complete 
| 121|0x000000061f400000, 0x000000061f800000, 0x000000061f800000|100%| E|CS|TAMS 0x000000061f400000, 0x000000061f400000| Complete 
| 122|0x000000061f800000, 0x000000061fc00000, 0x000000061fc00000|100%| E|CS|TAMS 0x000000061f800000, 0x000000061f800000| Complete 
| 123|0x000000061fc00000, 0x0000000620000000, 0x0000000620000000|100%| E|CS|TAMS 0x000000061fc00000, 0x000000061fc00000| Complete 
| 124|0x0000000620000000, 0x0000000620400000, 0x0000000620400000|100%| E|CS|TAMS 0x0000000620000000, 0x0000000620000000| Complete 
| 125|0x0000000620400000, 0x0000000620800000, 0x0000000620800000|100%| E|CS|TAMS 0x0000000620400000, 0x0000000620400000| Complete 
| 126|0x0000000620800000, 0x0000000620c00000, 0x0000000620c00000|100%| E|CS|TAMS 0x0000000620800000, 0x0000000620800000| Complete 
| 127|0x0000000620c00000, 0x0000000621000000, 0x0000000621000000|100%| E|CS|TAMS 0x0000000620c00000, 0x0000000620c00000| Complete 

Card table byte_map: [0x0000021ae9620000,0x0000021aea620000] _byte_map_base: 0x0000021ae6618000

Marking Bits (Prev, Next): (CMBitMap*) 0x0000021acf64e9a0, (CMBitMap*) 0x0000021acf64e9e0
 Prev Bits: [0x0000021aeb620000, 0x0000021af35e0000)
 Next Bits: [0x0000021af35e0000, 0x0000021afb5a0000)

Polling page: 0x0000021acf370000

Metaspace:

Usage:
  Non-class:      6.49 MB used.
      Class:    659.01 KB used.
       Both:      7.13 MB used.

Virtual space:
  Non-class space:       64.00 MB reserved,       6.63 MB ( 10%) committed,  1 nodes.
      Class space:        1.00 GB reserved,     768.00 KB ( <1%) committed,  1 nodes.
             Both:        1.06 GB reserved,       7.38 MB ( <1%) committed. 

Chunk freelists:
   Non-Class:  1008.00 KB
       Class:  3.24 MB
        Both:  4.23 MB

MaxMetaspaceSize: unlimited
CompressedClassSpaceSize: 1.00 GB
Initial GC threshold: 21.00 MB
Current GC threshold: 21.00 MB
CDS: on
MetaspaceReclaimPolicy: balanced
 - commit_granule_bytes: 65536.
 - commit_granule_words: 8192.
 - virtual_space_node_default_size: 8388608.
 - enlarge_chunks_in_place: 1.
 - new_chunks_are_fully_committed: 0.
 - uncommit_free_chunks: 1.
 - use_allocation_guard: 0.


Internal statistics:

num_allocs_failed_limit: 0.
num_arena_births: 102.
num_arena_deaths: 0.
num_vsnodes_births: 2.
num_vsnodes_deaths: 0.
num_space_committed: 118.
num_space_uncommitted: 0.
num_chunks_returned_to_freelist: 0.
num_chunks_taken_from_freelist: 150.
num_chunk_merges: 0.
num_chunk_splits: 84.
num_chunks_enlarged: 32.
num_inconsistent_stats: 0.

CodeHeap 'non-profiled nmethods': size=120000Kb used=1282Kb max_used=1282Kb free=118717Kb
 bounds [0x0000021ae0460000, 0x0000021ae06d0000, 0x0000021ae7990000]
CodeHeap 'profiled nmethods': size=120000Kb used=3343Kb max_used=3343Kb free=116657Kb
 bounds [0x0000021ad8f30000, 0x0000021ad9280000, 0x0000021ae0460000]
CodeHeap 'non-nmethods': size=5760Kb used=1273Kb max_used=1308Kb free=4486Kb
 bounds [0x0000021ad8990000, 0x0000021ad8c00000, 0x0000021ad8f30000]
 total_blobs=2435 nmethods=1849 adapters=499
 compilation: enabled
              stopped_count=0, restarted_count=0
 full_count=0

Compilation events (20 events):
Event: 19.729 Thread 0x0000021afb7f3c80 nmethod 1839 0x0000021ae05a0110 code [0x0000021ae05a0300, 0x0000021ae05a06d8]
Event: 20.013 Thread 0x0000021afb7f3c80 1840       4       org.graphics.Renderer::loadImage (60 bytes)
Event: 20.110 Thread 0x0000021afb7fea90 1842       3       sun.awt.AWTAccessor::getAWTEventAccessor (15 bytes)
Event: 20.110 Thread 0x0000021afb7fea90 nmethod 1842 0x0000021ad926a790 code [0x0000021ad926a980, 0x0000021ad926ad28]
Event: 20.110 Thread 0x0000021afb7fea90 1843       3       sun.awt.SunToolkit::setSystemGenerated (10 bytes)
Event: 20.110 Thread 0x0000021afb7fea90 nmethod 1843 0x0000021ad926af10 code [0x0000021ad926b100, 0x0000021ad926b5e8]
Event: 20.110 Thread 0x0000021afb7fea90 1844       3       java.awt.AWTEvent$1::setSystemGenerated (6 bytes)
Event: 20.110 Thread 0x0000021afb7fea90 nmethod 1844 0x0000021ad926b890 code [0x0000021ad926ba20, 0x0000021ad926bb38]
Event: 20.155 Thread 0x0000021afb7fea90 1845       3       sun.awt.SunToolkit::postEvent (144 bytes)
Event: 20.157 Thread 0x0000021afb7fea90 nmethod 1845 0x0000021ad926bc10 code [0x0000021ad926c000, 0x0000021ad926df98]
Event: 20.157 Thread 0x0000021afb7fea90 1846   !   3       sun.awt.AWTAccessor::getSequencedEventAccessor (22 bytes)
Event: 20.157 Thread 0x0000021afb7fea90 nmethod 1846 0x0000021ad926ea90 code [0x0000021ad926eca0, 0x0000021ad926f288]
Event: 20.157 Thread 0x0000021afb7fea90 1847       3       sun.awt.SunToolkit::wakeupEventQueue (11 bytes)
Event: 20.157 Thread 0x0000021afb7fea90 nmethod 1847 0x0000021ad926f590 code [0x0000021ad926f7a0, 0x0000021ad926fcd8]
Event: 20.185 Thread 0x0000021afb7fea90 1848       3       java.awt.EventQueue::cacheEQItem (60 bytes)
Event: 20.185 Thread 0x0000021afb7fea90 nmethod 1848 0x0000021ad926ff90 code [0x0000021ad9270160, 0x0000021ad9270988]
Event: 20.185 Thread 0x0000021afb7fea90 1849   !   3       java.awt.EventDispatchThread::filterAndCheckEvent (108 bytes)
Event: 20.186 Thread 0x0000021afb7fea90 nmethod 1849 0x0000021ad9270b90 code [0x0000021ad9270dc0, 0x0000021ad92719e8]
Event: 20.186 Thread 0x0000021afb7fea90 1850       3       java.awt.EventDispatchThread$HierarchyEventFilter::acceptEvent (225 bytes)
Event: 20.187 Thread 0x0000021afb7fea90 nmethod 1850 0x0000021ad9271e10 code [0x0000021ad92720a0, 0x0000021ad92733b8]

GC Heap History (4 events):
Event: 2.088 GC heap before
{Heap before GC invocations=0 (full 0):
 garbage-first heap   total 524288K, used 24576K [0x0000000601000000, 0x0000000800000000)
  region size 4096K, 6 young (24576K), 0 survivors (0K)
 Metaspace       used 6926K, committed 7104K, reserved 1114112K
  class space    used 659K, committed 768K, reserved 1048576K
}
Event: 2.090 GC heap after
{Heap after GC invocations=1 (full 0):
 garbage-first heap   total 524288K, used 3024K [0x0000000601000000, 0x0000000800000000)
  region size 4096K, 1 young (4096K), 1 survivors (4096K)
 Metaspace       used 6926K, committed 7104K, reserved 1114112K
  class space    used 659K, committed 768K, reserved 1048576K
}
Event: 4.075 GC heap before
{Heap before GC invocations=1 (full 0):
 garbage-first heap   total 524288K, used 31696K [0x0000000601000000, 0x0000000800000000)
  region size 4096K, 8 young (32768K), 1 survivors (4096K)
 Metaspace       used 7126K, committed 7360K, reserved 1114112K
  class space    used 659K, committed 768K, reserved 1048576K
}
Event: 4.076 GC heap after
{Heap after GC invocations=2 (full 0):
 garbage-first heap   total 524288K, used 3112K [0x0000000601000000, 0x0000000800000000)
  region size 4096K, 1 young (4096K), 1 survivors (4096K)
 Metaspace       used 7126K, committed 7360K, reserved 1114112K
  class space    used 659K, committed 768K, reserved 1048576K
}

Deoptimization events (20 events):
Event: 5.180 Thread 0x0000021a8aaf3f50 Uncommon trap: trap_request=0xffffffde fr.pc=0x0000021ae05004ac relative=0x000000000000010c
Event: 5.180 Thread 0x0000021a8aaf3f50 Uncommon trap: reason=class_check action=maybe_recompile pc=0x0000021ae05004ac method=jdk.internal.misc.Unsafe.allocateUninitializedArray(Ljava/lang/Class;I)Ljava/lang/Object; @ 51 c2
Event: 5.180 Thread 0x0000021a8aaf3f50 DEOPT PACKING pc=0x0000021ae05004ac sp=0x000000284070e4b0
Event: 5.180 Thread 0x0000021a8aaf3f50 DEOPT UNPACKING pc=0x0000021ad89e23a3 sp=0x000000284070e438 mode 2
Event: 5.183 Thread 0x0000021a8aaf3f50 Uncommon trap: trap_request=0xffffffde fr.pc=0x0000021ae05004ac relative=0x000000000000010c
Event: 5.183 Thread 0x0000021a8aaf3f50 Uncommon trap: reason=class_check action=maybe_recompile pc=0x0000021ae05004ac method=jdk.internal.misc.Unsafe.allocateUninitializedArray(Ljava/lang/Class;I)Ljava/lang/Object; @ 51 c2
Event: 5.183 Thread 0x0000021a8aaf3f50 DEOPT PACKING pc=0x0000021ae05004ac sp=0x000000284070e570
Event: 5.183 Thread 0x0000021a8aaf3f50 DEOPT UNPACKING pc=0x0000021ad89e23a3 sp=0x000000284070e4f8 mode 2
Event: 5.183 Thread 0x0000021a8aaf3f50 Uncommon trap: trap_request=0xffffffde fr.pc=0x0000021ae05004ac relative=0x000000000000010c
Event: 5.183 Thread 0x0000021a8aaf3f50 Uncommon trap: reason=class_check action=maybe_recompile pc=0x0000021ae05004ac method=jdk.internal.misc.Unsafe.allocateUninitializedArray(Ljava/lang/Class;I)Ljava/lang/Object; @ 51 c2
Event: 5.183 Thread 0x0000021a8aaf3f50 DEOPT PACKING pc=0x0000021ae05004ac sp=0x000000284070e570
Event: 5.183 Thread 0x0000021a8aaf3f50 DEOPT UNPACKING pc=0x0000021ad89e23a3 sp=0x000000284070e4f8 mode 2
Event: 10.191 Thread 0x0000021a8aaf3f50 Uncommon trap: trap_request=0xffffff45 fr.pc=0x0000021ae0536ffc relative=0x000000000000223c
Event: 10.191 Thread 0x0000021a8aaf3f50 Uncommon trap: reason=unstable_if action=reinterpret pc=0x0000021ae0536ffc method=sun.security.provider.AbstractDrbg.engineNextBytes([BLjava/security/SecureRandomParameters;)V @ 38 c2
Event: 10.191 Thread 0x0000021a8aaf3f50 DEOPT PACKING pc=0x0000021ae0536ffc sp=0x000000284070e780
Event: 10.191 Thread 0x0000021a8aaf3f50 DEOPT UNPACKING pc=0x0000021ad89e23a3 sp=0x000000284070e588 mode 2
Event: 17.480 Thread 0x0000021a8aaf3f50 Uncommon trap: trap_request=0xffffff45 fr.pc=0x0000021ae0588820 relative=0x00000000000002c0
Event: 17.480 Thread 0x0000021a8aaf3f50 Uncommon trap: reason=unstable_if action=reinterpret pc=0x0000021ae0588820 method=org.object.Obstacles.Door.SideDoor.update(F)V @ 53 c2
Event: 17.480 Thread 0x0000021a8aaf3f50 DEOPT PACKING pc=0x0000021ae0588820 sp=0x000000284070ef80
Event: 17.480 Thread 0x0000021a8aaf3f50 DEOPT UNPACKING pc=0x0000021ad89e23a3 sp=0x000000284070ef10 mode 2

Classes loaded (20 events):
Event: 0.721 Loading class sun/font/FontScaler
Event: 0.721 Loading class sun/font/FontScaler done
Event: 0.721 Loading class sun/font/FreetypeFontScaler
Event: 0.721 Loading class sun/font/FreetypeFontScaler done
Event: 1.600 Loading class sun/awt/im/CompositionAreaHandler
Event: 1.600 Loading class sun/awt/im/CompositionAreaHandler done
Event: 1.600 Loading class java/text/AttributedString
Event: 1.600 Loading class java/text/AttributedString done
Event: 1.600 Loading class java/text/AttributedString$AttributedStringIterator
Event: 1.600 Loading class java/text/AttributedCharacterIterator
Event: 1.600 Loading class java/text/CharacterIterator
Event: 1.600 Loading class java/text/CharacterIterator done
Event: 1.600 Loading class java/text/AttributedCharacterIterator done
Event: 1.600 Loading class java/text/AttributedString$AttributedStringIterator done
Event: 1.976 Loading class java/awt/event/KeyEvent$1
Event: 1.976 Loading class sun/awt/AWTAccessor$KeyEventAccessor
Event: 1.976 Loading class sun/awt/AWTAccessor$KeyEventAccessor done
Event: 1.976 Loading class java/awt/event/KeyEvent$1 done
Event: 1.976 Loading class sun/awt/DebugSettings
Event: 1.977 Loading class sun/awt/DebugSettings done

Classes unloaded (0 events):
No events

Classes redefined (0 events):
No events

Internal exceptions (7 events):
Event: 0.048 Thread 0x0000021acf59b840 Exception <a 'java/lang/ClassNotFoundException'{0x0000000620dc2678}: sun/awt/resources/spi/awtProvider> (0x0000000620dc2678) 
thrown [s\src\hotspot\share\classfile\systemDictionary.cpp, line 255]
Event: 0.065 Thread 0x0000021acf59b840 Exception <a 'java/io/FileNotFoundException'{0x0000000620e22288}> (0x0000000620e22288) 
thrown [s\src\hotspot\share\prims\jni.cpp, line 516]
Event: 0.069 Thread 0x0000021acf59b840 Exception <a 'java/io/FileNotFoundException'{0x0000000620e4f250}> (0x0000000620e4f250) 
thrown [s\src\hotspot\share\prims\jni.cpp, line 516]
Event: 0.088 Thread 0x0000021acf59b840 Exception <a 'java/lang/NoSuchMethodError'{0x0000000620e8f988}: 'java.lang.Object java.lang.invoke.DirectMethodHandle$Holder.invokeStaticInit(java.lang.Object)'> (0x0000000620e8f988) 
thrown [s\src\hotspot\share\interpreter\linkResolver.cpp, line 759]
Event: 0.414 Thread 0x0000021acf59b840 Exception <a 'java/lang/NoSuchMethodError'{0x0000000620f73bb0}: 'void java.lang.invoke.DirectMethodHandle$Holder.invokeStaticInit(java.lang.Object)'> (0x0000000620f73bb0) 
thrown [s\src\hotspot\share\interpreter\linkResolver.cpp, line 759]
Event: 0.653 Thread 0x0000021a8aaf3f50 Exception <a 'java/lang/NoSuchMethodError'{0x00000006208515b8}: 'java.lang.Object java.lang.invoke.DirectMethodHandle$Holder.invokeStaticInit(java.lang.Object, int, int, int, int)'> (0x00000006208515b8) 
thrown [s\src\hotspot\share\interpreter\linkResolver.cpp, line 759]
Event: 0.689 Thread 0x0000021a8aaf3f50 Exception <a 'java/lang/NoSuchMethodError'{0x0000000620971c60}: 'java.lang.Object java.lang.invoke.DirectMethodHandle$Holder.invokeStaticInit(java.lang.Object, java.lang.Object, int, int, int, int)'> (0x0000000620971c60) 
thrown [s\src\hotspot\share\interpreter\linkResolver.cpp, line 759]

VM Operations (20 events):
Event: 9.089 Executing VM operation: Cleanup
Event: 9.089 Executing VM operation: Cleanup done
Event: 10.091 Executing VM operation: Cleanup
Event: 10.091 Executing VM operation: Cleanup done
Event: 11.094 Executing VM operation: Cleanup
Event: 11.094 Executing VM operation: Cleanup done
Event: 12.098 Executing VM operation: Cleanup
Event: 12.098 Executing VM operation: Cleanup done
Event: 13.100 Executing VM operation: Cleanup
Event: 13.100 Executing VM operation: Cleanup done
Event: 14.102 Executing VM operation: Cleanup
Event: 14.102 Executing VM operation: Cleanup done
Event: 15.108 Executing VM operation: Cleanup
Event: 15.108 Executing VM operation: Cleanup done
Event: 16.121 Executing VM operation: Cleanup
Event: 16.121 Executing VM operation: Cleanup done
Event: 19.143 Executing VM operation: Cleanup
Event: 19.143 Executing VM operation: Cleanup done
Event: 20.155 Executing VM operation: Cleanup
Event: 20.155 Executing VM operation: Cleanup done

Events (20 events):
Event: 0.022 Thread 0x0000021afb7f13d0 Thread added: 0x0000021afb7f13d0
Event: 0.022 Thread 0x0000021afb7f3c80 Thread added: 0x0000021afb7f3c80
Event: 0.022 Thread 0x0000021afb7fea90 Thread added: 0x0000021afb7fea90
Event: 0.022 Thread 0x0000021afb805890 Thread added: 0x0000021afb805890
Event: 0.032 Thread 0x0000021afe4d56a0 Thread added: 0x0000021afe4d56a0
Event: 0.034 Thread 0x0000021afe4d7de0 Thread added: 0x0000021afe4d7de0
Event: 0.053 Loaded shared library C:\Users\micah\.jdks\corretto-18.0.2\bin\jimage.dll
Event: 0.058 Loaded shared library C:\Users\micah\.jdks\corretto-18.0.2\bin\awt.dll
Event: 0.089 Thread 0x0000021afe6adac0 Thread added: 0x0000021afe6adac0
Event: 0.089 Thread 0x0000021afe6c7970 Thread added: 0x0000021afe6c7970
Event: 0.090 Thread 0x0000021afe6c8860 Thread added: 0x0000021afe6c8860
Event: 0.413 Thread 0x0000021a8aa62290 Thread added: 0x0000021a8aa62290
Event: 0.418 Loaded shared library C:\Users\micah\.jdks\corretto-18.0.2\bin\freetype.dll
Event: 0.420 Loaded shared library C:\Users\micah\.jdks\corretto-18.0.2\bin\fontmanager.dll
Event: 0.638 Thread 0x0000021a8aaf3f50 Thread added: 0x0000021a8aaf3f50
Event: 0.661 Loaded shared library C:\Users\micah\.jdks\corretto-18.0.2\bin\net.dll
Event: 0.683 Loaded shared library C:\Users\micah\.jdks\corretto-18.0.2\bin\nio.dll
Event: 0.699 Loaded shared library C:\Users\micah\.jdks\corretto-18.0.2\bin\zip.dll
Event: 0.740 Thread 0x0000021acf59b840 Thread exited: 0x0000021acf59b840
Event: 0.740 Thread 0x0000021acf59b840 Thread added: 0x0000021acf59b840


Dynamic libraries:
0x00007ff71b4e0000 - 0x00007ff71b4ed000 	C:\Users\micah\.jdks\corretto-18.0.2\bin\java.exe
0x00007ffec4130000 - 0x00007ffec4328000 	C:\WINDOWS\SYSTEM32\ntdll.dll
0x00007ffec2cd0000 - 0x00007ffec2d8d000 	C:\WINDOWS\System32\KERNEL32.DLL
0x00007ffec1e00000 - 0x00007ffec20f6000 	C:\WINDOWS\System32\KERNELBASE.dll
0x00007ffec18d0000 - 0x00007ffec19d0000 	C:\WINDOWS\System32\ucrtbase.dll
0x00007ffebb6d0000 - 0x00007ffebb6e7000 	C:\Users\micah\.jdks\corretto-18.0.2\bin\jli.dll
0x00007ffec2a00000 - 0x00007ffec2b9e000 	C:\WINDOWS\System32\USER32.dll
0x00007ffec1dd0000 - 0x00007ffec1df2000 	C:\WINDOWS\System32\win32u.dll
0x00007ffec3ac0000 - 0x00007ffec3aec000 	C:\WINDOWS\System32\GDI32.dll
0x00007ffec1aa0000 - 0x00007ffec1bba000 	C:\WINDOWS\System32\gdi32full.dll
0x00007ffec1a00000 - 0x00007ffec1a9d000 	C:\WINDOWS\System32\msvcp_win.dll
0x00007ffe94700000 - 0x00007ffe94715000 	C:\Users\micah\.jdks\corretto-18.0.2\bin\VCRUNTIME140.dll
0x00007ffeb60b0000 - 0x00007ffeb634a000 	C:\WINDOWS\WinSxS\amd64_microsoft.windows.common-controls_6595b64144ccf1df_6.0.19041.3636_none_60b6a03d71f818d5\COMCTL32.dll
0x00007ffec33e0000 - 0x00007ffec347e000 	C:\WINDOWS\System32\msvcrt.dll
0x00007ffec3f70000 - 0x00007ffec3fa0000 	C:\WINDOWS\System32\IMM32.DLL
0x00007ffec3060000 - 0x00007ffec3186000 	C:\WINDOWS\System32\RPCRT4.dll
0x00007ffec16c0000 - 0x00007ffec16f2000 	C:\WINDOWS\SYSTEM32\SspiCli.dll
0x00007ffe94660000 - 0x00007ffe946fb000 	C:\Users\micah\.jdks\corretto-18.0.2\bin\msvcp140.dll
0x00007ffe684b0000 - 0x00007ffe69121000 	C:\Users\micah\.jdks\corretto-18.0.2\bin\server\jvm.dll
0x00007ffec2200000 - 0x00007ffec22af000 	C:\WINDOWS\System32\ADVAPI32.dll
0x00007ffec3190000 - 0x00007ffec322c000 	C:\WINDOWS\System32\sechost.dll
0x00007ffec4000000 - 0x00007ffec4008000 	C:\WINDOWS\System32\PSAPI.DLL
0x00007ffe93940000 - 0x00007ffe93949000 	C:\WINDOWS\SYSTEM32\WSOCK32.dll
0x00007ffec34a0000 - 0x00007ffec350b000 	C:\WINDOWS\System32\WS2_32.dll
0x00007ffeb3a50000 - 0x00007ffeb3a77000 	C:\WINDOWS\SYSTEM32\WINMM.dll
0x00007ffebb7d0000 - 0x00007ffebb7da000 	C:\WINDOWS\SYSTEM32\VERSION.dll
0x00007ffebf6f0000 - 0x00007ffebf702000 	C:\WINDOWS\SYSTEM32\kernel.appcore.dll
0x00007ffebd630000 - 0x00007ffebd63a000 	C:\Users\micah\.jdks\corretto-18.0.2\bin\jimage.dll
0x00007ffeb3110000 - 0x00007ffeb32f4000 	C:\WINDOWS\SYSTEM32\DBGHELP.DLL
0x00007ffeb4770000 - 0x00007ffeb47a4000 	C:\WINDOWS\SYSTEM32\dbgcore.DLL
0x00007ffec2100000 - 0x00007ffec2182000 	C:\WINDOWS\System32\bcryptPrimitives.dll
0x00007ffe94630000 - 0x00007ffe94655000 	C:\Users\micah\.jdks\corretto-18.0.2\bin\java.dll
0x00007ffe94550000 - 0x00007ffe94626000 	C:\Users\micah\.jdks\corretto-18.0.2\bin\jsvml.dll
0x00007ffec22b0000 - 0x00007ffec29f4000 	C:\WINDOWS\System32\SHELL32.dll
0x00007ffebf8f0000 - 0x00007ffec008b000 	C:\WINDOWS\SYSTEM32\windows.storage.dll
0x00007ffec3af0000 - 0x00007ffec3e44000 	C:\WINDOWS\System32\combase.dll
0x00007ffec1250000 - 0x00007ffec127d000 	C:\WINDOWS\SYSTEM32\Wldp.dll
0x00007ffec2e60000 - 0x00007ffec2f0d000 	C:\WINDOWS\System32\SHCORE.dll
0x00007ffec21a0000 - 0x00007ffec21f5000 	C:\WINDOWS\System32\shlwapi.dll
0x00007ffec1740000 - 0x00007ffec1765000 	C:\WINDOWS\SYSTEM32\profapi.dll
0x00007ffe71270000 - 0x00007ffe71417000 	C:\Users\micah\.jdks\corretto-18.0.2\bin\awt.dll
0x00007ffec2d90000 - 0x00007ffec2e5d000 	C:\WINDOWS\System32\OLEAUT32.dll
0x00007ffebf040000 - 0x00007ffebf0d0000 	C:\WINDOWS\SYSTEM32\apphelp.dll
0x00007ffebf180000 - 0x00007ffebf21e000 	C:\WINDOWS\system32\uxtheme.dll
0x00007ffec3e50000 - 0x00007ffec3f64000 	C:\WINDOWS\System32\MSCTF.dll
0x00007ffec2ba0000 - 0x00007ffec2ccb000 	C:\WINDOWS\System32\ole32.dll
0x00007ffebf400000 - 0x00007ffebf42f000 	C:\WINDOWS\system32\DWMAPI.DLL
0x00007ffe2a560000 - 0x00007ffe2a685000 	C:\WINDOWS\system32\opengl32.dll
0x00007ffe3f270000 - 0x00007ffe3f29c000 	C:\WINDOWS\SYSTEM32\GLU32.dll
0x00007ffe74490000 - 0x00007ffe7465d000 	C:\WINDOWS\system32\d3d9.dll
0x00007ffeb6e10000 - 0x00007ffeb6ecc000 	C:\WINDOWS\System32\DriverStore\FileRepository\nv_dispi.inf_amd64_677da8a9230cea15\nvldumdx.dll
0x00007ffec13e0000 - 0x00007ffec13f2000 	C:\WINDOWS\SYSTEM32\msasn1.dll
0x00007ffeb9250000 - 0x00007ffeb9281000 	C:\WINDOWS\SYSTEM32\cryptnet.dll
0x00007ffec1c70000 - 0x00007ffec1dcd000 	C:\WINDOWS\System32\CRYPT32.dll
0x00007ffeb8930000 - 0x00007ffeb8a78000 	C:\WINDOWS\SYSTEM32\drvstore.dll
0x00007ffec15a0000 - 0x00007ffec15d3000 	C:\WINDOWS\SYSTEM32\devobj.dll
0x00007ffec1880000 - 0x00007ffec18ce000 	C:\WINDOWS\System32\cfgmgr32.dll
0x00007ffec11c0000 - 0x00007ffec11cc000 	C:\WINDOWS\SYSTEM32\cryptbase.dll
0x00007ffec1810000 - 0x00007ffec1877000 	C:\WINDOWS\System32\wintrust.dll
0x00007ffec3480000 - 0x00007ffec349d000 	C:\WINDOWS\System32\imagehlp.dll
0x00007ffec11a0000 - 0x00007ffec11b8000 	C:\WINDOWS\SYSTEM32\CRYPTSP.dll
0x00007ffec0870000 - 0x00007ffec08a4000 	C:\WINDOWS\system32\rsaenh.dll
0x00007ffec19d0000 - 0x00007ffec19f7000 	C:\WINDOWS\System32\bcrypt.dll
0x00007ffeb0730000 - 0x00007ffeb291e000 	C:\WINDOWS\System32\DriverStore\FileRepository\nv_dispi.inf_amd64_677da8a9230cea15\nvgpucomp64.dll
0x00007ffe6e8a0000 - 0x00007ffe71265000 	C:\WINDOWS\System32\DriverStore\FileRepository\nv_dispi.inf_amd64_677da8a9230cea15\nvd3dumx.dll
0x00007ffea67a0000 - 0x00007ffea685c000 	C:\WINDOWS\System32\DriverStore\FileRepository\nvmdi.inf_amd64_42df78e1ec0db843\nvldumdx.dll
0x00007ffea3dd0000 - 0x00007ffea5fbe000 	C:\WINDOWS\System32\DriverStore\FileRepository\nvmdi.inf_amd64_42df78e1ec0db843\nvgpucomp64.dll
0x00007ffe0ab00000 - 0x00007ffe0d4c5000 	C:\WINDOWS\System32\DriverStore\FileRepository\nvmdi.inf_amd64_42df78e1ec0db843\nvd3dumx.dll
0x00007ffe41f60000 - 0x00007ffe42231000 	C:\WINDOWS\system32\nvspcap64.dll
0x00007ffec0990000 - 0x00007ffec09c3000 	C:\WINDOWS\SYSTEM32\ntmarta.dll
0x00007ffec00a0000 - 0x00007ffec00c3000 	C:\WINDOWS\SYSTEM32\gpapi.dll
0x00007ffeb71f0000 - 0x00007ffeb722b000 	C:\WINDOWS\SYSTEM32\dxcore.dll
0x00007ffe840a0000 - 0x00007ffe84123000 	C:\Users\micah\.jdks\corretto-18.0.2\bin\freetype.dll
0x00007ffe79780000 - 0x00007ffe79825000 	C:\Users\micah\.jdks\corretto-18.0.2\bin\fontmanager.dll
0x00007ffeadc70000 - 0x00007ffeadd6a000 	C:\WINDOWS\SYSTEM32\textinputframework.dll
0x00007ffebeaa0000 - 0x00007ffebedfb000 	C:\WINDOWS\System32\CoreUIComponents.dll
0x00007ffebee00000 - 0x00007ffebeef2000 	C:\WINDOWS\System32\CoreMessaging.dll
0x00007ffebe3d0000 - 0x00007ffebe525000 	C:\WINDOWS\SYSTEM32\wintypes.dll
0x00007ffebe530000 - 0x00007ffebe713000 	C:\WINDOWS\SYSTEM32\dcomp.dll
0x00007ffec1700000 - 0x00007ffec172e000 	C:\WINDOWS\SYSTEM32\USERENV.dll
0x00007ffe94530000 - 0x00007ffe94543000 	C:\Users\micah\.jdks\corretto-18.0.2\bin\net.dll
0x00007ffeb94d0000 - 0x00007ffeb95da000 	C:\WINDOWS\SYSTEM32\WINHTTP.dll
0x00007ffec0fb0000 - 0x00007ffec101a000 	C:\WINDOWS\system32\mswsock.dll
0x00007ffec0c50000 - 0x00007ffec0c8b000 	C:\WINDOWS\SYSTEM32\IPHLPAPI.DLL
0x00007ffec2190000 - 0x00007ffec2198000 	C:\WINDOWS\System32\NSI.dll
0x00007ffebad40000 - 0x00007ffebad57000 	C:\WINDOWS\SYSTEM32\dhcpcsvc6.DLL
0x00007ffebad20000 - 0x00007ffebad3d000 	C:\WINDOWS\SYSTEM32\dhcpcsvc.DLL
0x00007ffec0ca0000 - 0x00007ffec0d6a000 	C:\WINDOWS\SYSTEM32\DNSAPI.dll
0x00007ffe94510000 - 0x00007ffe94525000 	C:\Users\micah\.jdks\corretto-18.0.2\bin\nio.dll
0x00007ffe944f0000 - 0x00007ffe94508000 	C:\Users\micah\.jdks\corretto-18.0.2\bin\zip.dll

dbghelp: loaded successfully - version: 4.0.5 - missing functions: none
symbol engine: initialized successfully - sym options: 0x614 - pdb path: .;C:\Users\micah\.jdks\corretto-18.0.2\bin;C:\WINDOWS\SYSTEM32;C:\WINDOWS\WinSxS\amd64_microsoft.windows.common-controls_6595b64144ccf1df_6.0.19041.3636_none_60b6a03d71f818d5;C:\Users\micah\.jdks\corretto-18.0.2\bin\server;C:\WINDOWS\System32\DriverStore\FileRepository\nv_dispi.inf_amd64_677da8a9230cea15;C:\WINDOWS\System32\DriverStore\FileRepository\nvmdi.inf_amd64_42df78e1ec0db843

VM Arguments:
jvm_args: -Dfile.encoding=windows-1252 -Duser.country=US -Duser.language=en -Duser.variant 
java_command: org.game.Game
java_class_path (initial): C:\Users\micah\IdeaProjects\PixelTest\build\classes\java\main;C:\Users\micah\IdeaProjects\PixelTest\build\resources\main
Launcher Type: SUN_STANDARD

[Global flags]
     intx CICompilerCount                          = 4                                         {product} {ergonomic}
     uint ConcGCThreads                            = 3                                         {product} {ergonomic}
     uint G1ConcRefinementThreads                  = 10                                        {product} {ergonomic}
   size_t G1HeapRegionSize                         = 4194304                                   {product} {ergonomic}
    uintx GCDrainStackTargetSize                   = 64                                        {product} {ergonomic}
   size_t InitialHeapSize                          = 536870912                                 {product} {ergonomic}
   size_t MarkStackSize                            = 4194304                                   {product} {ergonomic}
   size_t MaxHeapSize                              = 8573157376                                {product} {ergonomic}
   size_t MaxNewSize                               = 5142216704                                {product} {ergonomic}
   size_t MinHeapDeltaBytes                        = 4194304                                   {product} {ergonomic}
   size_t MinHeapSize                              = 8388608                                   {product} {ergonomic}
    uintx NonNMethodCodeHeapSize                   = 5839372                                {pd product} {ergonomic}
    uintx NonProfiledCodeHeapSize                  = 122909434                              {pd product} {ergonomic}
    uintx ProfiledCodeHeapSize                     = 122909434                              {pd product} {ergonomic}
    uintx ReservedCodeCacheSize                    = 251658240                              {pd product} {ergonomic}
     bool SegmentedCodeCache                       = true                                      {product} {ergonomic}
   size_t SoftMaxHeapSize                          = 8573157376                             {manageable} {ergonomic}
     bool UseCompressedClassPointers               = true                           {product lp64_product} {ergonomic}
     bool UseCompressedOops                        = true                           {product lp64_product} {ergonomic}
     bool UseG1GC                                  = true                                      {product} {ergonomic}
     bool UseLargePagesIndividualAllocation        = false                                  {pd product} {ergonomic}

Logging:
Log output configuration:
 #0: stdout all=warning uptime,level,tags foldmultilines=false
 #1: stderr all=off uptime,level,tags foldmultilines=false

Environment Variables:
PATH=C:\Python312\Scripts\;C:\Python312\;C:\Python311\Scripts\;C:\Python311\;C:\Ruby32-x64\bin;C:\Program Files\Common Files\Oracle\Java\javapath;C:\Program Files\Oculus\Support\oculus-runtime;C:\WINDOWS\system32;C:\WINDOWS;C:\WINDOWS\System32\Wbem;C:\WINDOWS\System32\WindowsPowerShell\v1.0\;C:\WINDOWS\System32\OpenSSH\;C:\Program Files\NVIDIA Corporation\NVIDIA NvDLISR;C:\Program Files (x86)\NVIDIA Corporation\PhysX\Common;C:\Program Files\Git\cmd;C:\ProgramData\chocolatey\bin;C:\xampp\php;C:\ProgramData\ComposerSetup\bin;C:\Program Files\dotnet\;C:\Program Files\nodejs\;C:\Program Files\MySQL\MySQL Shell 8.0\bin\;C:\Users\micah\AppData\Local\Microsoft\WindowsApps;;C:\Program Files\JetBrains\IntelliJ IDEA Community Edition 2022.3.3\bin;;C:\Program Files\JetBrains\WebStorm 2023.1\bin;;C:\Users\micah\AppData\Local\Programs\Microsoft VS Code\bin;C:\Users\micah\AppData\Roaming\Composer\vendor\bin;C:\Program Files\JetBrains\RubyMine 2023.1.2\bin;;C:\Users\micah\AppData\Roaming\npm
USERNAME=micah
OS=Windows_NT
PROCESSOR_IDENTIFIER=AMD64 Family 25 Model 33 Stepping 0, AuthenticAMD



---------------  S Y S T E M  ---------------

OS:
 Windows 10 , 64 bit Build 19041 (10.0.19041.3636)
OS uptime: 0 days 9:22 hours

CPU: total 12 (initial active 12) (12 cores per cpu, 2 threads per core) family 25 model 33 stepping 0 microcode 0x0, cx8, cmov, fxsr, ht, mmx, 3dnowpref, sse, sse2, sse3, ssse3, sse4a, sse4.1, sse4.2, popcnt, lzcnt, tsc, tscinvbit, avx, avx2, aes, clmul, bmi1, bmi2, adx, sha, fma, vzeroupper, clflush, clflushopt

Memory: 4k page, system-wide physical 32691M (17851M free)
TotalPageFile size 34739M (AvailPageFile size 9267M)
current process WorkingSet (physical memory assigned to process): 397M, peak: 400M
current process commit charge ("private bytes"): 734M, peak: 742M

vm_info: OpenJDK 64-Bit Server VM (18.0.2+9-FR) for windows-amd64 JRE (18.0.2+9-FR), built on Jul 15 2022 20:03:03 by "Administrator" with MS VC++ 15.9 (VS2017)

END.
